PS D:\unleashed-firmware> ./fbt
Downloading Windows toolchain..done!


    Directorio: D:\unleashed-firmware


Mode                 LastWriteTime         Length Name
----                 -------------         ------ ----
d-----        27/06/2023     19:30                toolchain
Extracting Windows toolchain..moving..done!
Cleaning up temporary files..done!


        ICONS   build\f7-firmware-D\assets\compiled\assets_icons.c
        PROTO   assets\protobuf\application.proto
        DOLPHIN blocking
        DOLPHIN internal
        APPS    build\f7-firmware-D\applications\applications.c
2023-06-27 19:31:33,018 [INFO] Processing Dolphin sources
2023-06-27 19:31:33,019 [INFO] Loading data
2023-06-27 19:31:33,019 [INFO] Processing Dolphin sources
2023-06-27 19:31:33,019 [INFO] Loading directory assets\dolphin\internal
2023-06-27 19:31:33,019 [INFO] Loading data
2023-06-27 19:31:33,019 [INFO] Loading directory assets\dolphin\blocking
2023-06-27 19:31:33,020 [INFO] Loading meta from assets\dolphin\internal\L1_Tv_128x47\meta.txt
2023-06-27 19:31:33,020 [INFO] Loading meta from assets\dolphin\blocking\L0_NoDb_128x51\meta.txt
2023-06-27 19:31:33,021 [INFO] Loading meta from assets\dolphin\internal\L1_BadBattery_128x47\meta.txt
2023-06-27 19:31:33,021 [INFO] Loading meta from assets\dolphin\blocking\L0_SdBad_128x51\meta.txt
2023-06-27 19:31:33,021 [INFO] Loading meta from assets\dolphin\internal\L1_NoSd_128x49\meta.txt
2023-06-27 19:31:33,022 [INFO] Loading meta from assets\dolphin\blocking\L0_SdOk_128x51\meta.txt
2023-06-27 19:31:33,022 [INFO] Packing
2023-06-27 19:31:33,023 [INFO] Loading meta from assets\dolphin\blocking\L0_Url_128x51\meta.txt
2023-06-27 19:31:33,024 [INFO] Loading meta from assets\dolphin\blocking\L0_NewMail_128x51\meta.txt
2023-06-27 19:31:33,024 [INFO] Packing
        CC      applications\main\archive\helpers\archive_apps.c
        CC      applications\main\archive\helpers\archive_browser.c
        CC      applications\main\archive\helpers\archive_favorites.c
        CC      applications\main\archive\helpers\archive_files.c
        CC      applications\main\archive\scenes\archive_scene.c
        CC      applications\main\archive\scenes\archive_scene_browser.c
        CC      applications\main\archive\scenes\archive_scene_delete.c
        CC      applications\main\archive\scenes\archive_scene_info.c
2023-06-27 19:31:33,581 [INFO] Complete
2023-06-27 19:31:33,582 [INFO] Complete
        CC      applications\main\archive\scenes\archive_scene_rename.c
        CC      applications\main\archive\scenes\archive_scene_show.c
        CC      build\f7-firmware-D\applications\applications.c
        PBVER   build\f7-firmware-D\assets\compiled\protobuf_version.h
        APIPREP build\f7-firmware-D\sdk_origin.i
        APIPP   build\f7-firmware-D\sdk_origin.i
        SDKCHK  firmware\targets\f7\api_symbols.csv
        CC      applications\main\archive\views\archive_browser_view.c
        CC      applications\main\archive\archive.c
        CC      applications\main\bad_usb\helpers\ducky_script.c
        CC      applications\main\bad_usb\helpers\ducky_script_commands.c
API version 31.0 is up to date
        SDKTREE build\f7-firmware-D\sdk_headers\sdk.opts
        CC      applications\main\bad_usb\helpers\ducky_script_keycodes.c
        CC      applications\main\bad_usb\scenes\bad_usb_scene.c
        CC      applications\main\bad_usb\scenes\bad_usb_scene_config.c
        CC      applications\main\bad_usb\scenes\bad_usb_scene_config_layout.c
        CC      applications\main\bad_usb\scenes\bad_usb_scene_error.c
        CC      applications\main\bad_usb\scenes\bad_usb_scene_file_select.c
	CC	applications\main\bad_usb\scenes\bad_usb_scene_work.c
     CC      applications\main\bad_usb\views\bad_usb_view.c
        CC      applications\main\bad_usb\bad_usb_app.c
        CC      applications\main\clock_app\clock_app.c
        CC      applications\main\gpio\scenes\gpio_scene.c
        CC      applications\main\gpio\scenes\gpio_scene_start.c
        CC      applications\main\gpio\scenes\gpio_scene_test.c
        CC      applications\main\gpio\scenes\gpio_scene_usb_uart.c
        CC      applications\main\gpio\scenes\gpio_scene_usb_uart_close_rpc.c
        CC      applications\main\gpio\scenes\gpio_scene_usb_uart_config.c
        CC      applications\main\gpio\views\gpio_test.c
	CC	applications\main\gpio\views\gpio_usb_uart.c
      CC      applications\main\gpio\gpio_app.c
        CC      applications\main\gpio\gpio_items.c
        CC      applications\main\gpio\usb_uart_bridge.c
        CC      applications\main\ibutton\scenes\ibutton_scene.c
        CC      applications\main\ibutton\scenes\ibutton_scene_add_type.c
        CC      applications\main\ibutton\scenes\ibutton_scene_add_value.c
        CC      applications\main\ibutton\scenes\ibutton_scene_delete_confirm.c
        CC      applications\main\ibutton\scenes\ibutton_scene_delete_success.c
        CC      applications\main\ibutton\scenes\ibutton_scene_emulate.c
        CC      applications\main\ibutton\scenes\ibutton_scene_info.c
        CC      applications\main\ibutton\scenes\ibutton_scene_read_error.c
        CC      applications\main\ibutton\scenes\ibutton_scene_read_success.c
        CC      applications\main\ibutton\scenes\ibutton_scene_rpc.c
        CC      applications\main\ibutton\scenes\ibutton_scene_save_success.c
        CC      applications\main\ibutton\scenes\ibutton_scene_read.c
        CC      applications\main\ibutton\scenes\ibutton_scene_retry_confirm.c
        CC      applications\main\ibutton\scenes\ibutton_scene_exit_confirm.c
        CC      applications\main\ibutton\scenes\ibutton_scene_save_name.c
        CC      applications\main\ibutton\scenes\ibutton_scene_read_key_menu.c
        CC      applications\main\ibutton\scenes\ibutton_scene_saved_key_menu.c
        CC      applications\main\ibutton\scenes\ibutton_scene_select_key.c
        CC      applications\main\ibutton\scenes\ibutton_scene_start.c
        CC      applications\main\ibutton\scenes\ibutton_scene_view_data.c
        CC      applications\main\ibutton\scenes\ibutton_scene_write.c
        CC      applications\main\ibutton\scenes\ibutton_scene_write_success.c
        CC      applications\main\ibutton\ibutton.c
        CC      applications\main\ibutton\ibutton_cli.c
        CC      applications\main\infrared\scenes\common\infrared_scene_universal_common.c
        CC      applications\main\infrared\scenes\infrared_scene.c
        CC      applications\main\infrared\scenes\infrared_scene_ask_back.c
        CC      applications\main\infrared\scenes\infrared_scene_ask_retry.c
        CC      applications\main\infrared\scenes\infrared_scene_debug.c
        CC      applications\main\infrared\scenes\infrared_scene_debug_settings.c
        CC      applications\main\infrared\scenes\infrared_scene_edit.c
        CC      applications\main\infrared\scenes\infrared_scene_edit_button_select.c
        CC      applications\main\infrared\scenes\infrared_scene_edit_delete.c
        CC      applications\main\infrared\scenes\infrared_scene_edit_delete_done.c
        CC      applications\main\infrared\scenes\infrared_scene_edit_rename.c
        CC      applications\main\infrared\scenes\infrared_scene_edit_rename_done.c
        CC      applications\main\infrared\scenes\infrared_scene_error_databases.c
        CC      applications\main\infrared\scenes\infrared_scene_learn.c
        CC      applications\main\infrared\scenes\infrared_scene_learn_done.c
        CC      applications\main\infrared\scenes\infrared_scene_learn_enter_name.c
        CC      applications\main\infrared\scenes\infrared_scene_learn_success.c
        CC      applications\main\infrared\scenes\infrared_scene_remote.c
        CC      applications\main\infrared\scenes\infrared_scene_remote_list.c
        CC      applications\main\infrared\scenes\infrared_scene_rpc.c
        CC      applications\main\infrared\scenes\infrared_scene_start.c
        CC      applications\main\infrared\scenes\infrared_scene_universal.c
        CC      applications\main\infrared\scenes\infrared_scene_universal_ac.c
        CC      applications\main\infrared\scenes\infrared_scene_universal_audio.c
        CC      applications\main\infrared\scenes\infrared_scene_universal_fan.c
        CC      applications\main\infrared\scenes\infrared_scene_universal_projector.c
        CC      applications\main\infrared\scenes\infrared_scene_universal_tv.c
        CC      applications\main\infrared\views\infrared_debug_view.c
        CC      applications\main\infrared\views\infrared_progress_view.c
        CC      applications\main\infrared\infrared.c
        CC      applications\main\infrared\infrared_brute_force.c
        CC      applications\main\infrared\infrared_cli.c
        CC      applications\main\infrared\infrared_remote.c
        CC      applications\main\infrared\infrared_remote_button.c
        CC      applications\main\infrared\infrared_signal.c
        CC      applications\main\lfrfid\scenes\lfrfid_scene.c
        CC      applications\main\lfrfid\scenes\lfrfid_scene_clear_t5577.c
        CC      applications\main\lfrfid\scenes\lfrfid_scene_clear_t5577_confirm.c
        CC      applications\main\lfrfid\scenes\lfrfid_scene_delete_confirm.c
        CC      applications\main\lfrfid\scenes\lfrfid_scene_delete_success.c
        CC      applications\main\lfrfid\scenes\lfrfid_scene_emulate.c
        CC      applications\main\lfrfid\scenes\lfrfid_scene_exit_confirm.c
        CC      applications\main\lfrfid\scenes\lfrfid_scene_extra_actions.c
        CC      applications\main\lfrfid\scenes\lfrfid_scene_raw_emulate.c
        CC      applications\main\lfrfid\scenes\lfrfid_scene_raw_info.c
        CC      applications\main\lfrfid\scenes\lfrfid_scene_raw_name.c
        CC      applications\main\lfrfid\scenes\lfrfid_scene_raw_read.c
        CC      applications\main\lfrfid\scenes\lfrfid_scene_raw_success.c
        CC      applications\main\lfrfid\scenes\lfrfid_scene_read.c
        CC      applications\main\lfrfid\scenes\lfrfid_scene_read_key_menu.c
        CC      applications\main\lfrfid\scenes\lfrfid_scene_read_success.c
        CC      applications\main\lfrfid\scenes\lfrfid_scene_retry_confirm.c
        CC      applications\main\lfrfid\scenes\lfrfid_scene_rpc.c
        CC      applications\main\lfrfid\scenes\lfrfid_scene_save_data.c
        CC      applications\main\lfrfid\scenes\lfrfid_scene_save_name.c
        CC      applications\main\lfrfid\scenes\lfrfid_scene_save_success.c
        CC      applications\main\lfrfid\scenes\lfrfid_scene_save_type.c
        CC      applications\main\lfrfid\scenes\lfrfid_scene_saved_info.c
        CC      applications\main\lfrfid\scenes\lfrfid_scene_saved_key_menu.c
        CC      applications\main\lfrfid\scenes\lfrfid_scene_select_key.c
        CC      applications\main\lfrfid\scenes\lfrfid_scene_select_raw_key.c
        CC      applications\main\lfrfid\scenes\lfrfid_scene_start.c
        CC      applications\main\lfrfid\scenes\lfrfid_scene_write.c
        CC      applications\main\lfrfid\scenes\lfrfid_scene_write_success.c
        CC      applications\main\lfrfid\views\lfrfid_view_read.c
        CC      applications\main\lfrfid\lfrfid.c
        CC      applications\main\lfrfid\lfrfid_cli.c
        CC      applications\main\nfc\helpers\nfc_emv_parser.c
        CC      applications\main\nfc\scenes\nfc_scene.c
        CC      applications\main\nfc\scenes\nfc_scene_debug.c
        CC      applications\main\nfc\scenes\nfc_scene_delete.c
        CC      applications\main\nfc\scenes\nfc_scene_delete_success.c
        CC      applications\main\nfc\scenes\nfc_scene_detect_reader.c
        CC      applications\main\nfc\scenes\nfc_scene_device_info.c
        CC      applications\main\nfc\scenes\nfc_scene_dict_not_found.c
        CC      applications\main\nfc\scenes\nfc_scene_emulate_apdu_sequence.c
        CC      applications\main\nfc\scenes\nfc_scene_emulate_uid.c
        CC      applications\main\nfc\scenes\nfc_scene_emv_menu.c
        CC      applications\main\nfc\scenes\nfc_scene_emv_read_success.c
        CC      applications\main\nfc\scenes\nfc_scene_exit_confirm.c
        CC      applications\main\nfc\scenes\nfc_scene_extra_actions.c
        CC      applications\main\nfc\scenes\nfc_scene_field.c
        CC      applications\main\nfc\scenes\nfc_scene_file_select.c
        CC      applications\main\nfc\scenes\nfc_scene_generate_info.c
        CC      applications\main\nfc\scenes\nfc_scene_mf_classic_data.c
        CC      applications\main\nfc\scenes\nfc_scene_mf_classic_dict_attack.c
        CC      applications\main\nfc\scenes\nfc_scene_mf_classic_emulate.c
        CC      applications\main\nfc\scenes\nfc_scene_mf_classic_keys.c
        CC      applications\main\nfc\scenes\nfc_scene_mf_classic_keys_add.c
        CC      applications\main\nfc\scenes\nfc_scene_mf_classic_keys_delete.c
        CC      applications\main\nfc\scenes\nfc_scene_mf_classic_keys_list.c
        CC      applications\main\nfc\scenes\nfc_scene_mf_classic_keys_warn_duplicate.c
        CC      applications\main\nfc\scenes\nfc_scene_mf_classic_menu.c
        CC      applications\main\nfc\scenes\nfc_scene_mf_classic_read_success.c
        CC      applications\main\nfc\scenes\nfc_scene_mf_classic_update.c
        CC      applications\main\nfc\scenes\nfc_scene_mf_classic_update_success.c
        CC      applications\main\nfc\scenes\nfc_scene_mf_classic_write.c
        CC      applications\main\nfc\scenes\nfc_scene_mf_classic_write_fail.c
        CC      applications\main\nfc\scenes\nfc_scene_mf_classic_write_success.c
        CC      applications\main\nfc\scenes\nfc_scene_mf_classic_wrong_card.c
        CC      applications\main\nfc\scenes\nfc_scene_mf_desfire_app.c
        CC      applications\main\nfc\scenes\nfc_scene_mf_desfire_data.c
        CC      applications\main\nfc\scenes\nfc_scene_mf_desfire_menu.c
        CC      applications\main\nfc\scenes\nfc_scene_mf_desfire_read_success.c
        CC      applications\main\nfc\scenes\nfc_scene_mf_ultralight_data.c
        CC      applications\main\nfc\scenes\nfc_scene_mf_ultralight_emulate.c
        CC      applications\main\nfc\scenes\nfc_scene_mf_ultralight_key_input.c
        CC      applications\main\nfc\scenes\nfc_scene_mf_ultralight_menu.c
        CC      applications\main\nfc\scenes\nfc_scene_mf_ultralight_read_auth.c
        CC      applications\main\nfc\scenes\nfc_scene_mf_ultralight_read_auth_result.c
        CC      applications\main\nfc\scenes\nfc_scene_mf_ultralight_read_success.c
        CC      applications\main\nfc\scenes\nfc_scene_mf_ultralight_unlock_auto.c
        CC      applications\main\nfc\scenes\nfc_scene_mf_ultralight_unlock_menu.c
        CC      applications\main\nfc\scenes\nfc_scene_mf_ultralight_unlock_warn.c
        CC      applications\main\nfc\scenes\nfc_scene_mfkey_complete.c
        CC      applications\main\nfc\scenes\nfc_scene_mfkey_nonces_info.c
        CC      applications\main\nfc\scenes\nfc_scene_nfc_data_info.c
        CC      applications\main\nfc\scenes\nfc_scene_nfca_menu.c
        CC      applications\main\nfc\scenes\nfc_scene_nfca_read_success.c
        CC      applications\main\nfc\scenes\nfc_scene_nfcv_emulate.c
        CC      applications\main\nfc\scenes\nfc_scene_nfcv_key_input.c
        CC      applications\main\nfc\scenes\nfc_scene_nfcv_menu.c
        CC      applications\main\nfc\scenes\nfc_scene_nfcv_read_success.c
        CC      applications\main\nfc\scenes\nfc_scene_nfcv_sniff.c
        CC      applications\main\nfc\scenes\nfc_scene_nfcv_unlock.c
        CC      applications\main\nfc\scenes\nfc_scene_nfcv_unlock_menu.c
        CC      applications\main\nfc\scenes\nfc_scene_read.c
        CC      applications\main\nfc\scenes\nfc_scene_read_card_success.c
        CC      applications\main\nfc\scenes\nfc_scene_read_card_type.c
        CC      applications\main\nfc\scenes\nfc_scene_restore_original.c
        CC      applications\main\nfc\scenes\nfc_scene_restore_original_confirm.c
        CC      applications\main\nfc\scenes\nfc_scene_retry_confirm.c
        CC      applications\main\nfc\scenes\nfc_scene_rpc.c
        CC      applications\main\nfc\scenes\nfc_scene_save_name.c
        CC      applications\main\nfc\scenes\nfc_scene_save_success.c
        CC      applications\main\nfc\scenes\nfc_scene_saved_menu.c
        CC      applications\main\nfc\scenes\nfc_scene_set_atqa.c
        CC      applications\main\nfc\scenes\nfc_scene_set_sak.c
        CC      applications\main\nfc\scenes\nfc_scene_set_type.c
        CC      applications\main\nfc\scenes\nfc_scene_set_uid.c
        CC      applications\main\nfc\scenes\nfc_scene_start.c
        CC      applications\main\nfc\views\detect_reader.c
        CC      applications\main\nfc\views\dict_attack.c
        CC      applications\main\nfc\nfc.c
        CC      applications\main\nfc\nfc_cli.c
        CC      applications\main\onewire\onewire_cli.c
        CC      applications\main\subghz\helpers\subghz_chat.c
        CC      applications\main\subghz\helpers\subghz_frequency_analyzer_worker.c
        CC      applications\main\subghz\helpers\subghz_testing.c
        CC      applications\main\subghz\helpers\subghz_threshold_rssi.c
        CC      applications\main\subghz\helpers\subghz_txrx.c
        CC      applications\main\subghz\helpers\subghz_txrx_create_protocol_key.c
        CC      applications\main\subghz\scenes\subghz_scene.c
        CC      applications\main\subghz\scenes\subghz_scene_decode_raw.c
        CC      applications\main\subghz\scenes\subghz_scene_delete.c
        CC      applications\main\subghz\scenes\subghz_scene_delete_raw.c
        CC      applications\main\subghz\scenes\subghz_scene_delete_success.c
        CC      applications\main\subghz\scenes\subghz_scene_frequency_analyzer.c
        CC      applications\main\subghz\scenes\subghz_scene_more_raw.c
        CC      applications\main\subghz\scenes\subghz_scene_need_saving.c
        CC      applications\main\subghz\scenes\subghz_scene_radio_settings.c
        CC      applications\main\subghz\scenes\subghz_scene_read_raw.c
        CC      applications\main\subghz\scenes\subghz_scene_receiver.c
        CC      applications\main\subghz\scenes\subghz_scene_receiver_config.c
        CC      applications\main\subghz\scenes\subghz_scene_receiver_info.c
        CC      applications\main\subghz\scenes\subghz_scene_rpc.c
        CC      applications\main\subghz\scenes\subghz_scene_save_name.c
        CC      applications\main\subghz\scenes\subghz_scene_save_success.c
        CC      applications\main\subghz\scenes\subghz_scene_saved.c
        CC      applications\main\subghz\scenes\subghz_scene_saved_menu.c
        CC      applications\main\subghz\scenes\subghz_scene_set_cnt.c
        CC      applications\main\subghz\scenes\subghz_scene_set_fix.c
        CC      applications\main\subghz\scenes\subghz_scene_set_seed.c
        CC      applications\main\subghz\scenes\subghz_scene_set_type.c
        CC      applications\main\subghz\scenes\subghz_scene_show_error.c
        CC      applications\main\subghz\scenes\subghz_scene_show_error_sub.c
        CC      applications\main\subghz\scenes\subghz_scene_show_only_rx.c
        CC      applications\main\subghz\scenes\subghz_scene_start.c
        CC      applications\main\subghz\scenes\subghz_scene_test.c
        CC      applications\main\subghz\scenes\subghz_scene_test_carrier.c
        CC      applications\main\subghz\scenes\subghz_scene_test_packet.c
        CC      applications\main\subghz\scenes\subghz_scene_test_static.c
        CC      applications\main\subghz\scenes\subghz_scene_transmitter.c
        CC      applications\main\subghz\views\receiver.c
        CC      applications\main\subghz\views\subghz_frequency_analyzer.c
        CC      applications\main\subghz\views\subghz_read_raw.c
        CC      applications\main\subghz\views\subghz_test_carrier.c
        CC      applications\main\subghz\views\subghz_test_packet.c
        CC      applications\main\subghz\views\subghz_test_static.c
        CC      applications\main\subghz\views\transmitter.c
        CC      applications\main\subghz\subghz.c
        CC      applications\main\subghz\subghz_cli.c
        CC      applications\main\subghz\subghz_dangerous_freq.c
        CC      applications\main\subghz\subghz_history.c
        CC      applications\main\subghz\subghz_i.c
        CC      applications\main\subghz\subghz_last_settings.c
        CC      applications\main\subghz_remote\helpers\subrem_presets.c
        CC      applications\main\subghz_remote\scenes\subrem_scene.c
        CC      applications\main\subghz_remote\scenes\subrem_scene_open_map_file.c
        CC      applications\main\subghz_remote\scenes\subrem_scene_remote.c
        CC      applications\main\subghz_remote\scenes\subrem_scene_start.c
        CC      applications\main\subghz_remote\views\remote.c
        CC      applications\main\subghz_remote\subghz_remote_app.c
        CC      applications\main\subghz_remote\subghz_remote_app_i.c
        CC      applications\main\u2f\scenes\u2f_scene.c
        CC      applications\main\u2f\scenes\u2f_scene_error.c
        CC      applications\main\u2f\scenes\u2f_scene_main.c
        CC      applications\main\u2f\views\u2f_view.c
        CC      applications\main\u2f\hmac_sha256.c
        CC      applications\main\u2f\u2f.c
        CC      applications\main\u2f\u2f_app.c
        CC      applications\main\u2f\u2f_data.c
        CC      applications\main\u2f\u2f_hid.c
        CC      applications\services\bt\bt_service\bt.c
        CC      applications\services\bt\bt_service\bt_api.c
        CC      applications\services\bt\bt_service\bt_keys_storage.c
        CC      applications\services\bt\bt_cli.c
        CC      applications\services\bt\bt_settings.c
        CC      applications\services\cli\cli.c
        CC      applications\services\cli\cli_command_gpio.c
        CC      applications\services\cli\cli_commands.c
        CC      applications\services\cli\cli_vcp.c
        CC      applications\services\crypto\crypto_cli.c
        CC      applications\services\desktop\animations\views\bubble_animation_view.c
        CC      applications\services\desktop\animations\views\one_shot_animation_view.c
        CC      applications\services\desktop\animations\animation_manager.c
        CC      applications\services\desktop\animations\animation_storage.c
        CC      applications\services\desktop\helpers\pin.c
        CC      applications\services\desktop\helpers\slideshow.c
        CC      applications\services\desktop\scenes\desktop_scene.c
        CC      applications\services\desktop\scenes\desktop_scene_debug.c
        CC      applications\services\desktop\scenes\desktop_scene_fault.c
        CC      applications\services\desktop\scenes\desktop_scene_hw_mismatch.c
        CC      applications\services\desktop\scenes\desktop_scene_lock_menu.c
        CC      applications\services\desktop\scenes\desktop_scene_locked.c
        CC      applications\services\desktop\scenes\desktop_scene_main.c
        CC      applications\services\desktop\scenes\desktop_scene_pin_input.c
        CC      applications\services\desktop\scenes\desktop_scene_pin_timeout.c
        CC      applications\services\desktop\scenes\desktop_scene_slideshow.c
        CC      applications\services\desktop\views\desktop_view_debug.c
        CC      applications\services\desktop\views\desktop_view_lock_menu.c
        CC      applications\services\desktop\views\desktop_view_locked.c
        CC      applications\services\desktop\views\desktop_view_main.c
        CC      applications\services\desktop\views\desktop_view_pin_input.c
        CC      applications\services\desktop\views\desktop_view_pin_timeout.c
        CC      applications\services\desktop\views\desktop_view_slideshow.c
        CC      applications\services\desktop\desktop.c
        CC      applications\services\dialogs\dialogs.c
        CC      applications\services\dialogs\dialogs_api.c
        CC      applications\services\dialogs\dialogs_module_file_browser.c
        CC      applications\services\dialogs\dialogs_module_message.c
        CC      applications\services\dolphin\helpers\dolphin_deed.c
	CC	applications\services\dolphin\helpers\dolphin_state.c
     CC      applications\services\dolphin\dolphin.c
        CC      applications\services\gui\modules\widget_elements\widget_element_button.c
        CC      applications\services\gui\modules\widget_elements\widget_element_frame.c
	CC	applications\services\gui\modules\widget_elements\widget_element_icon.c
   CC      applications\services\gui\modules\widget_elements\widget_element_string.c
        CC      applications\services\gui\modules\widget_elements\widget_element_string_multiline.c
        CC      applications\services\gui\modules\widget_elements\widget_element_text_box.c
        CC      applications\services\gui\modules\widget_elements\widget_element_text_scroll.c
        CC      applications\services\gui\modules\button_menu.c
        CC      applications\services\gui\modules\button_panel.c
        CC      applications\services\gui\modules\byte_input.c
        CC      applications\services\gui\modules\dialog_ex.c
        CC      applications\services\gui\modules\empty_screen.c
        CC      applications\services\gui\modules\file_browser.c
        CC      applications\services\gui\modules\file_browser_worker.c
        CC      applications\services\gui\modules\loading.c
        CC      applications\services\gui\modules\menu.c
        CC      applications\services\gui\modules\popup.c
        CC      applications\services\gui\modules\submenu.c
        CC      applications\services\gui\modules\text_box.c
        CC      applications\services\gui\modules\text_input.c
        CC      applications\services\gui\modules\validators.c
        CC      applications\services\gui\modules\variable_item_list.c
        CC      applications\services\gui\modules\widget.c
        CC      applications\services\gui\canvas.c
        CC      applications\services\gui\elements.c
        CC      applications\services\gui\gui.c
        CC      applications\services\gui\icon.c
        CC      applications\services\gui\icon_animation.c
        CC      applications\services\gui\scene_manager.c
        CC      applications\services\gui\view.c
        CC      applications\services\gui\view_dispatcher.c
        CC      applications\services\gui\view_holder.c
        CC      applications\services\gui\view_port.c
        CC      applications\services\gui\view_stack.c
        CC      applications\services\input\input.c
        CC      applications\services\input\input_cli.c
        APITBL  build\f7-firmware-D\assets\compiled\firmware_api_table.h
        CPP     applications\services\loader\firmware_api\firmware_api.cpp
        CC      applications\services\loader\loader.c
        CC      applications\services\loader\loader_applications.c
        CC      applications\services\loader\loader_cli.c
        CC      applications\services\loader\loader_menu.c
        CC      applications\services\locale\locale.c
        CC      applications\services\namechanger\namechanger.c
        CC      applications\services\notification\notification_app.c
        CC      applications\services\notification\notification_app_api.c
        CC      applications\services\notification\notification_messages.c
        CC      applications\services\notification\notification_messages_notes.c
        CC      applications\services\power\power_service\views\power_off.c
        CC      applications\services\power\power_service\views\power_unplug_usb.c
        CC      applications\services\power\power_service\power.c
        CC      applications\services\power\power_service\power_api.c
        CC      applications\services\power\power_cli.c
        CC      applications\services\rpc\rpc.c
        CC      applications\services\rpc\rpc_app.c
        CC      applications\services\rpc\rpc_cli.c
        CC      applications\services\rpc\rpc_debug.c
        CC      applications\services\rpc\rpc_desktop.c
        CC      applications\services\rpc\rpc_gpio.c
        CC      applications\services\rpc\rpc_gui.c
        CC      applications\services\rpc\rpc_property.c
        CC      applications\services\rpc\rpc_storage.c
        CC      applications\services\rpc\rpc_system.c
        CC      applications\services\storage\storages\sd_notify.c
        CC      applications\services\storage\storages\storage_ext.c
        CC      applications\services\storage\storages\storage_int.c
        CC      applications\services\storage\filesystem_api.c
        CC      applications\services\storage\storage.c
        CC      applications\services\storage\storage_cli.c
        CC      applications\services\storage\storage_external_api.c
        CC      applications\services\storage\storage_glue.c
        CC      applications\services\storage\storage_internal_api.c
        CC      applications\services\storage\storage_processing.c
        CC      applications\services\storage\storage_sd_api.c
        CC      applications\settings\about\about.c
        CC      applications\settings\bt_settings_app\scenes\bt_settings_scene.c
        CC      applications\settings\bt_settings_app\scenes\bt_settings_scene_forget_dev_confirm.c
        CC      applications\settings\bt_settings_app\scenes\bt_settings_scene_forget_dev_success.c
        CC      applications\settings\bt_settings_app\scenes\bt_settings_scene_start.c
        CC      applications\settings\bt_settings_app\bt_settings_app.c
        CC      applications\settings\desktop_settings\scenes\desktop_settings_scene.c
        CC      applications\settings\desktop_settings\scenes\desktop_settings_scene_change_name.c
        CC      applications\settings\desktop_settings\scenes\desktop_settings_scene_favorite.c
        CC      applications\settings\desktop_settings\scenes\desktop_settings_scene_name_popup.c
        CC      applications\settings\desktop_settings\scenes\desktop_settings_scene_pin_auth.c
        CC      applications\settings\desktop_settings\scenes\desktop_settings_scene_pin_disable.c
        CC      applications\settings\desktop_settings\scenes\desktop_settings_scene_pin_error.c
        CC      applications\settings\desktop_settings\scenes\desktop_settings_scene_pin_menu.c
        CC      applications\settings\desktop_settings\scenes\desktop_settings_scene_pin_setup.c
        CC      applications\settings\desktop_settings\scenes\desktop_settings_scene_pin_setup_done.c
        CC      applications\settings\desktop_settings\scenes\desktop_settings_scene_pin_setup_howto.c
        CC      applications\settings\desktop_settings\scenes\desktop_settings_scene_pin_setup_howto2.c
        CC      applications\settings\desktop_settings\scenes\desktop_settings_scene_start.c
        CC      applications\settings\desktop_settings\views\desktop_settings_view_pin_setup_howto.c
        CC      applications\settings\desktop_settings\views\desktop_settings_view_pin_setup_howto2.c
        CC      applications\settings\desktop_settings\desktop_settings_app.c
        CC      applications\settings\dolphin_passport\passport.c
        CC      applications\settings\notification_settings\notification_settings_app.c
        CC      applications\settings\power_settings_app\scenes\power_settings_scene.c
        CC      applications\settings\power_settings_app\scenes\power_settings_scene_battery_info.c
        CC      applications\settings\power_settings_app\scenes\power_settings_scene_power_off.c
        CC      applications\settings\power_settings_app\scenes\power_settings_scene_reboot.c
        CC      applications\settings\power_settings_app\scenes\power_settings_scene_start.c
        CC      applications\settings\power_settings_app\views\battery_info.c
        CC      applications\settings\power_settings_app\power_settings_app.c
        CC      applications\settings\storage_settings\scenes\storage_settings_scene.c
        CC      applications\settings\storage_settings\scenes\storage_settings_scene_benchmark.c
        CC      applications\settings\storage_settings\scenes\storage_settings_scene_factory_reset.c
        CC      applications\settings\storage_settings\scenes\storage_settings_scene_format_confirm.c
        CC      applications\settings\storage_settings\scenes\storage_settings_scene_formatting.c
        CC      applications\settings\storage_settings\scenes\storage_settings_scene_internal_info.c
        CC      applications\settings\storage_settings\scenes\storage_settings_scene_sd_info.c
        CC      applications\settings\storage_settings\scenes\storage_settings_scene_start.c
        CC      applications\settings\storage_settings\scenes\storage_settings_scene_unmount_confirm.c
	CC	applications\settings\storage_settings\scenes\storage_settings_scene_unmounted.c
  CC      applications\settings\storage_settings\storage_settings.c
        CC      applications\settings\system\system_settings.c
        CC      applications\system\storage_move_to_sd\scenes\storage_move_to_sd_scene.c
        CC      applications\system\storage_move_to_sd\scenes\storage_move_to_sd_scene_confirm.c
        CC      applications\system\storage_move_to_sd\scenes\storage_move_to_sd_scene_progress.c
        CC      applications\system\storage_move_to_sd\storage_move_to_sd.c
        CC      applications\system\updater\cli\updater_cli.c
        CC      applications\system\updater\scenes\updater_scene.c
        CC      applications\system\updater\scenes\updater_scene_error.c
        CC      applications\system\updater\scenes\updater_scene_loadcfg.c
        CC      applications\system\updater\scenes\updater_scene_main.c
        CC      applications\system\updater\util\update_task.c
        CC      applications\system\updater\util\update_task_worker_backup.c
        CC      applications\system\updater\util\update_task_worker_flasher.c
        CC      applications\system\updater\views\updater_main.c
        CC      applications\system\updater\updater.c
        CC      lib\print\printf_tiny.c
        CC      lib\print\wrappers.c
        ASM     firmware\targets\f7\startup_stm32wb55xx_cm4.s
        CC      firmware\targets\f7\ble_glue\app_debug.c
        CC      firmware\targets\f7\ble_glue\battery_service.c
        CC      firmware\targets\f7\ble_glue\ble_app.c
        CC      firmware\targets\f7\ble_glue\ble_glue.c
        CC      firmware\targets\f7\ble_glue\dev_info_service.c
        CC      firmware\targets\f7\ble_glue\gap.c
        CC      firmware\targets\f7\ble_glue\hid_service.c
        CC      firmware\targets\f7\ble_glue\hw_ipcc.c
        AR      build\f7-firmware-D\print\libprint.a
        INSTALL build\f7-firmware-D\lib\libprint.a
        CC      firmware\targets\f7\ble_glue\serial_service.c
        CC      firmware\targets\f7\fatfs\fatfs.c
	CC	firmware\targets\f7\fatfs\sd_spi_io.c
     CC      firmware\targets\f7\fatfs\sector_cache.c
        CC      firmware\targets\f7\fatfs\user_diskio.c
        CC      firmware\targets\f7\furi_hal\furi_hal.c
        CC      firmware\targets\f7\furi_hal\furi_hal_bt.c
        CC      firmware\targets\f7\furi_hal\furi_hal_bt_hid.c
        CC      firmware\targets\f7\furi_hal\furi_hal_bt_serial.c
        CC      firmware\targets\f7\furi_hal\furi_hal_bus.c
        CC      firmware\targets\f7\furi_hal\furi_hal_clock.c
        CC      firmware\targets\f7\furi_hal\furi_hal_console.c
        CC      firmware\targets\f7\furi_hal\furi_hal_cortex.c
        CC      firmware\targets\f7\furi_hal\furi_hal_crypto.c
        CC      firmware\targets\f7\furi_hal\furi_hal_debug.c
        CC      firmware\targets\f7\furi_hal\furi_hal_dma.c
        CC      firmware\targets\f7\furi_hal\furi_hal_flash.c
        CC      firmware\targets\f7\furi_hal\furi_hal_gpio.c
        CC      firmware\targets\f7\furi_hal\furi_hal_i2c.c
        CC      firmware\targets\f7\furi_hal\furi_hal_i2c_config.c
        CC      firmware\targets\f7\furi_hal\furi_hal_ibutton.c
        CC      firmware\targets\f7\furi_hal\furi_hal_info.c
        CC      firmware\targets\f7\furi_hal\furi_hal_infrared.c
        CC      firmware\targets\f7\furi_hal\furi_hal_interrupt.c
        CC      firmware\targets\f7\furi_hal\furi_hal_light.c
        CC      firmware\targets\f7\furi_hal\furi_hal_memory.c
        CC      firmware\targets\f7\furi_hal\furi_hal_mpu.c
        CC      firmware\targets\f7\furi_hal\furi_hal_nfc.c
        CC      firmware\targets\f7\furi_hal\furi_hal_os.c
        CC      firmware\targets\f7\furi_hal\furi_hal_power.c
        CC      firmware\targets\f7\furi_hal\furi_hal_pwm.c
        CC      firmware\targets\f7\furi_hal\furi_hal_random.c
        CC      firmware\targets\f7\furi_hal\furi_hal_region.c
        CC      firmware\targets\f7\furi_hal\furi_hal_resources.c
        CC      firmware\targets\f7\furi_hal\furi_hal_rfid.c
        CC      firmware\targets\f7\furi_hal\furi_hal_rtc.c
        CC      firmware\targets\f7\furi_hal\furi_hal_sd.c
        CC      firmware\targets\f7\furi_hal\furi_hal_speaker.c
        CC      firmware\targets\f7\furi_hal\furi_hal_spi.c
        CC      firmware\targets\f7\furi_hal\furi_hal_spi_config.c
        CC      firmware\targets\f7\furi_hal\furi_hal_subghz.c
        CC      firmware\targets\f7\furi_hal\furi_hal_uart.c
        CC      firmware\targets\f7\furi_hal\furi_hal_usb.c
        CC      firmware\targets\f7\furi_hal\furi_hal_usb_cdc.c
        CC      firmware\targets\f7\furi_hal\furi_hal_usb_hid.c
        CC      firmware\targets\f7\furi_hal\furi_hal_usb_u2f.c
        CC      firmware\targets\f7\furi_hal\furi_hal_version.c
        CC      firmware\targets\f7\furi_hal\furi_hal_version_device.c
        CC      firmware\targets\f7\furi_hal\furi_hal_vibro.c
        CC      firmware\targets\f7\src\dfu.c
        CC      firmware\targets\f7\src\main.c
        CC      firmware\targets\f7\src\recovery.c
        CC      firmware\targets\f7\src\system_stm32wbxx.c
        CC      firmware\targets\f7\src\update.c
        CC      furi\core\check.c
        CC      furi\core\critical.c
        CC      furi\core\event_flag.c
        CC      furi\core\kernel.c
        CC      furi\core\log.c
        CC      furi\core\memmgr.c
        CC      furi\core\memmgr_heap.c
        CC      furi\core\message_queue.c
        CC      furi\core\mutex.c
        CC      furi\core\pubsub.c
        CC      furi\core\record.c
        CC      furi\core\semaphore.c
        CC      furi\core\stream_buffer.c
        CC      furi\core\string.c
        CC      furi\core\thread.c
        AR      build\f7-firmware-D\firmware\libflipper7.a
        CC      furi\core\timer.c
        CC      furi\flipper.c
        CC      furi\furi.c
        CC      lib\FreeRTOS-Kernel\croutine.c
        INSTALL build\f7-firmware-D\lib\libflipper7.a
        CC      lib\FreeRTOS-Kernel\event_groups.c
        CC      lib\FreeRTOS-Kernel\list.c
        CC      lib\FreeRTOS-Kernel\queue.c
        CC      lib\FreeRTOS-Kernel\stream_buffer.c
        CC      lib\FreeRTOS-Kernel\tasks.c
        CC      lib\FreeRTOS-Kernel\timers.c
        CC      lib\FreeRTOS-Kernel\portable\GCC\ARM_CM4F\port.c
        CC      lib\stm32wb_hal\Src\stm32wbxx_ll_adc.c
        CC      lib\stm32wb_hal\Src\stm32wbxx_ll_comp.c
        CC      lib\stm32wb_hal\Src\stm32wbxx_ll_crc.c
        CC      lib\stm32wb_hal\Src\stm32wbxx_ll_crs.c
        CC      lib\stm32wb_hal\Src\stm32wbxx_ll_dma.c
        CC      lib\stm32wb_hal\Src\stm32wbxx_ll_exti.c
        CC      lib\stm32wb_hal\Src\stm32wbxx_ll_gpio.c
        CC      lib\stm32wb_hal\Src\stm32wbxx_ll_i2c.c
        CC      lib\stm32wb_hal\Src\stm32wbxx_ll_lptim.c
        CC      lib\stm32wb_hal\Src\stm32wbxx_ll_lpuart.c
        CC      lib\stm32wb_hal\Src\stm32wbxx_ll_pka.c
        CC      lib\stm32wb_hal\Src\stm32wbxx_ll_pwr.c
        CC      lib\stm32wb_hal\Src\stm32wbxx_ll_rcc.c
        CC      lib\stm32wb_hal\Src\stm32wbxx_ll_rng.c
        CC      lib\stm32wb_hal\Src\stm32wbxx_ll_rtc.c
        CC      lib\stm32wb_hal\Src\stm32wbxx_ll_spi.c
        CC      lib\stm32wb_hal\Src\stm32wbxx_ll_tim.c
        CC      lib\stm32wb_hal\Src\stm32wbxx_ll_usart.c
        CC      lib\stm32wb_hal\Src\stm32wbxx_ll_utils.c
        CC      lib\stm32wb_copro\wpan\interface\patterns\ble_thread\shci\shci.c
        CC      lib\stm32wb_copro\wpan\interface\patterns\ble_thread\tl\hci_tl.c
        AR      build\f7-firmware-D\freertos\libfreertos.a
        AR      build\f7-firmware-D\furi\libfuri.a
        CC      lib\stm32wb_copro\wpan\interface\patterns\ble_thread\tl\shci_tl.c
        INSTALL build\f7-firmware-D\lib\libfreertos.a
        CC      lib\stm32wb_copro\wpan\interface\patterns\ble_thread\tl\tl_mbox.c
        INSTALL build\f7-firmware-D\lib\libfuri.a
        CC      lib\stm32wb_copro\wpan\ble\svc\Src\svc_ctl.c
        CC      lib\stm32wb_copro\wpan\ble\core\auto\ble_gap_aci.c
        CC      lib\stm32wb_copro\wpan\ble\core\auto\ble_gatt_aci.c
        CC      lib\stm32wb_copro\wpan\ble\core\auto\ble_hal_aci.c
        CC      lib\stm32wb_copro\wpan\ble\core\auto\ble_hci_le.c
        CC      lib\stm32wb_copro\wpan\ble\core\auto\ble_l2cap_aci.c
        CC      lib\stm32wb_copro\wpan\ble\core\template\osal.c
        CC      lib\stm32wb_copro\wpan\utilities\dbg_trace.c
        CC      lib\stm32wb_copro\wpan\utilities\otp.c
        CC      lib\stm32wb_copro\wpan\utilities\stm_list.c
        CC      lib\drivers\bq25896.c
        CC      lib\drivers\bq27220.c
        CC      lib\drivers\cc1101.c
        CC      lib\drivers\lp5562.c
        CC      lib\fatfs\option\unicode.c
        CC      lib\fatfs\diskio.c
        CC      lib\fatfs\ff.c
        CC      lib\fatfs\ff_gen_drv.c
        CC      lib\littlefs\lfs.c
        CC      lib\littlefs\lfs_util.c
        CC      lib\subghz\blocks\const.c
        CC      lib\subghz\blocks\custom_btn.c
        CC      lib\subghz\blocks\decoder.c
        CC      lib\subghz\blocks\encoder.c
        AR      build\f7-firmware-D\stm32wb\libstm32wb.a
        CC      lib\subghz\blocks\generic.c
        CC      lib\subghz\blocks\math.c
        AR      build\f7-firmware-D\drivers\libhwdrivers.a
        CC      lib\subghz\protocols\alutech_at_4n.c
        CC      lib\subghz\protocols\ansonic.c
        CC      lib\subghz\protocols\base.c
        INSTALL build\f7-firmware-D\lib\libhwdrivers.a
        INSTALL build\f7-firmware-D\lib\libstm32wb.a
        CC      lib\subghz\protocols\bett.c
        CC      lib\subghz\protocols\bin_raw.c
        CC      lib\subghz\protocols\came.c
        CC      lib\subghz\protocols\came_atomo.c
        CC      lib\subghz\protocols\came_twee.c
        CC      lib\subghz\protocols\chamberlain_code.c
        CC      lib\subghz\protocols\clemsa.c
	CC	lib\subghz\protocols\doitrand.c
   CC      lib\subghz\protocols\dooya.c
        CC      lib\subghz\protocols\faac_slh.c
        CC      lib\subghz\protocols\gate_tx.c
        CC      lib\subghz\protocols\holtek.c
        CC      lib\subghz\protocols\holtek_ht12x.c
        CC      lib\subghz\protocols\honeywell_wdb.c
        CC      lib\subghz\protocols\hormann.c
        CC      lib\subghz\protocols\ido.c
        CC      lib\subghz\protocols\intertechno_v3.c
        CC      lib\subghz\protocols\keeloq.c
        CC      lib\subghz\protocols\keeloq_common.c
        CC      lib\subghz\protocols\kia.c
        CC      lib\subghz\protocols\kinggates_stylo_4k.c
        CC      lib\subghz\protocols\linear.c
        CC      lib\subghz\protocols\linear_delta3.c
        AR      build\f7-firmware-D\littlefs\liblittlefs.a
        AR      build\f7-firmware-D\fatfs\libfatfs.a
        INSTALL build\f7-firmware-D\lib\liblittlefs.a
        INSTALL build\f7-firmware-D\lib\libfatfs.a
        CC      lib\subghz\protocols\magellan.c
        CC      lib\subghz\protocols\marantec.c
        CC      lib\subghz\protocols\megacode.c
        CC      lib\subghz\protocols\nero_radio.c
        CC      lib\subghz\protocols\nero_sketch.c
        CC      lib\subghz\protocols\nice_flo.c
        CC      lib\subghz\protocols\nice_flor_s.c
        CC      lib\subghz\protocols\phoenix_v2.c
        CC      lib\subghz\protocols\power_smart.c
        CC      lib\subghz\protocols\princeton.c
        CC      lib\subghz\protocols\princeton_for_testing.c
        CC      lib\subghz\protocols\protocol_items.c
        CC      lib\subghz\protocols\raw.c
        CC      lib\subghz\protocols\scher_khan.c
        CC      lib\subghz\protocols\secplus_v1.c
        CC      lib\subghz\protocols\secplus_v2.c
        CC      lib\subghz\protocols\smc5326.c
        CC      lib\subghz\protocols\somfy_keytis.c
        CC      lib\subghz\protocols\somfy_telis.c
        CC      lib\subghz\protocols\star_line.c
        CC      lib\subghz\environment.c
        CC      lib\subghz\receiver.c
        CC      lib\subghz\registry.c
        CC      lib\subghz\subghz_file_encoder_worker.c
        CC      lib\subghz\subghz_keystore.c
        CC      lib\subghz\subghz_setting.c
        CC      lib\subghz\subghz_tx_rx_worker.c
        CC      lib\subghz\subghz_worker.c
        CC      lib\subghz\transmitter.c
        CC      lib\flipper_format\flipper_format.c
        CC      lib\flipper_format\flipper_format_stream.c
        CC      lib\toolbox\protocols\protocol_dict.c
        CC      lib\toolbox\pulse_protocols\pulse_glue.c
        CC      lib\toolbox\stream\buffered_file_stream.c
        CC      lib\toolbox\stream\file_stream.c
        CC      lib\toolbox\stream\stream.c
        CC      lib\toolbox\stream\stream_cache.c
        CC      lib\toolbox\stream\string_stream.c
        CC      lib\toolbox\tar\tar_archive.c
        CC      lib\toolbox\args.c
        AR      build\f7-firmware-D\subghz\libsubghz.a
        CC      lib\toolbox\buffer_stream.c
        CC      lib\toolbox\compress.c
        CC      lib\toolbox\crc32_calc.c
        INSTALL build\f7-firmware-D\lib\libsubghz.a
        AR      build\f7-firmware-D\flipper_format\libflipperformat.a
        CC      lib\toolbox\dir_walk.c
        CC      lib\toolbox\float_tools.c
        CC      lib\toolbox\hex.c
        INSTALL build\f7-firmware-D\lib\libflipperformat.a
        CC      lib\toolbox\manchester_decoder.c
        CC      lib\toolbox\manchester_encoder.c
        CC      lib\toolbox\md5.c
        CC      lib\toolbox\path.c
        CC      lib\toolbox\pretty_format.c
        CC      lib\toolbox\profiler.c
        CC      lib\toolbox\property.c
        CC      lib\toolbox\pulse_joiner.c
        CC      lib\toolbox\random_name.c
        CC      lib\toolbox\saved_struct.c
        CC      lib\toolbox\sha256.c
        CC      lib\toolbox\value_index.c
        CC      lib\toolbox\varint.c
        VERSION build\f7-firmware-D\toolbox\version.inc.h
        CC      lib\nfc\helpers\mf_classic_dict.c
        CC      lib\nfc\helpers\mfkey32.c
        CC      lib\nfc\helpers\nfc_debug_log.c
        CC      lib\nfc\helpers\nfc_debug_pcap.c
        CC      lib\nfc\helpers\nfc_generators.c
        CC      lib\nfc\helpers\reader_analyzer.c
        CC      lib\nfc\parsers\all_in_one.c
        CC      lib\nfc\parsers\nfc_supported_card.c
        CC      lib\nfc\parsers\opal.c
        CC      lib\nfc\parsers\plantain_4k_parser.c
        CC      lib\nfc\parsers\plantain_parser.c
        CC      lib\nfc\parsers\troika_4k_parser.c
        CC      lib\nfc\parsers\troika_parser.c
        CC      lib\nfc\parsers\two_cities.c
        CC      lib\nfc\protocols\crypto1.c
        CC      lib\nfc\protocols\emv.c
        CC      lib\nfc\protocols\mifare_classic.c
        CC      lib\nfc\protocols\mifare_common.c
        CC      lib\nfc\protocols\mifare_desfire.c
        CC      lib\nfc\protocols\mifare_ultralight.c
        CC      lib\nfc\protocols\nfc_util.c
        CC      lib\nfc\protocols\nfca.c
        CC      lib\nfc\protocols\nfcv.c
        CC      lib\nfc\protocols\slix.c
        CC      lib\nfc\nfc_device.c
        CC      lib\nfc\nfc_types.c
Version information updated
        CC      lib\nfc\nfc_worker.c
        CC      lib\toolbox\version.c
        CC      lib\digital_signal\digital_signal.c
        CC      lib\pulse_reader\pulse_reader.c
        CC      lib\microtar\src\microtar-stdio.c
        CC      lib\microtar\src\microtar.c
        CC      lib\libusb_stm32\src\usbd_core.c
        AR      build\f7-firmware-D\toolbox\libtoolbox.a
        CC      lib\libusb_stm32\src\usbd_stm32wb55_devfs.c
        INSTALL build\f7-firmware-D\lib\libtoolbox.a
        CC      lib\ST25RFAL002\source\st25r3916\rfal_rfst25r3916.c
        CC      lib\ST25RFAL002\source\st25r3916\st25r3916.c
        CC      lib\ST25RFAL002\source\st25r3916\st25r3916_aat.c
        CC      lib\ST25RFAL002\source\st25r3916\st25r3916_com.c
        AR      build\f7-firmware-D\microtar\libmicrotar.a
        AR      build\f7-firmware-D\pulse_reader\libpulse_reader.a
        CC      lib\ST25RFAL002\source\st25r3916\st25r3916_irq.c
        INSTALL build\f7-firmware-D\lib\libmicrotar.a
        CC      lib\ST25RFAL002\source\st25r3916\st25r3916_led.c
        CC      lib\ST25RFAL002\source\custom_analog_config.c
        AR      build\f7-firmware-D\digital_signal\libdigital_signal.a
        AR      build\f7-firmware-D\libusb_stm32\libusb_stm32.a
        INSTALL build\f7-firmware-D\lib\libpulse_reader.a
        CC      lib\ST25RFAL002\source\rfal_analogConfig.c
        INSTALL build\f7-firmware-D\lib\libdigital_signal.a
        INSTALL build\f7-firmware-D\lib\libusb_stm32.a
        CC      lib\ST25RFAL002\source\rfal_crc.c
        CC      lib\ST25RFAL002\source\rfal_dpo.c
        CC      lib\ST25RFAL002\source\rfal_iso15693_2.c
        AR      build\f7-firmware-D\nfc\libnfc.a
        CC      lib\ST25RFAL002\source\rfal_isoDep.c
        INSTALL build\f7-firmware-D\lib\libnfc.a
        CC      lib\ST25RFAL002\source\rfal_nfc.c
        CC      lib\ST25RFAL002\source\rfal_nfcDep.c
        CC      lib\ST25RFAL002\source\rfal_nfca.c
        CC      lib\ST25RFAL002\source\rfal_nfcb.c
        CC      lib\ST25RFAL002\source\rfal_nfcf.c
        CC      lib\ST25RFAL002\source\rfal_nfcv.c
        CC      lib\ST25RFAL002\source\rfal_st25tb.c
        CC      lib\ST25RFAL002\source\rfal_st25xv.c
        CC      lib\ST25RFAL002\source\rfal_t1t.c
        CC      lib\ST25RFAL002\source\rfal_t2t.c
        CC      lib\ST25RFAL002\source\rfal_t4t.c
        CC      lib\ST25RFAL002\platform.c
        CC      lib\ST25RFAL002\timer.c
        CC      lib\infrared\encoder_decoder\common\infrared_common_decoder.c
        CC      lib\infrared\encoder_decoder\common\infrared_common_encoder.c
        CC      lib\infrared\encoder_decoder\kaseikyo\infrared_decoder_kaseikyo.c
        CC      lib\infrared\encoder_decoder\kaseikyo\infrared_encoder_kaseikyo.c
        CC      lib\infrared\encoder_decoder\kaseikyo\infrared_protocol_kaseikyo.c
        CC      lib\infrared\encoder_decoder\nec\infrared_decoder_nec.c
        CC      lib\infrared\encoder_decoder\nec\infrared_encoder_nec.c
        CC      lib\infrared\encoder_decoder\nec\infrared_protocol_nec.c
        CC      lib\infrared\encoder_decoder\rc5\infrared_decoder_rc5.c
        AR      build\f7-firmware-D\ST25RFAL002\libst25rfal002.a
        CC      lib\infrared\encoder_decoder\rc5\infrared_encoder_rc5.c
        CC      lib\infrared\encoder_decoder\rc5\infrared_protocol_rc5.c
        CC      lib\infrared\encoder_decoder\rc6\infrared_decoder_rc6.c
        CC      lib\infrared\encoder_decoder\rc6\infrared_encoder_rc6.c
        INSTALL build\f7-firmware-D\lib\libst25rfal002.a
        CC      lib\infrared\encoder_decoder\rc6\infrared_protocol_rc6.c
        CC      lib\infrared\encoder_decoder\rca\infrared_decoder_rca.c
        CC      lib\infrared\encoder_decoder\rca\infrared_encoder_rca.c
        CC      lib\infrared\encoder_decoder\rca\infrared_protocol_rca.c
        CC      lib\infrared\encoder_decoder\samsung\infrared_decoder_samsung.c
        CC      lib\infrared\encoder_decoder\samsung\infrared_encoder_samsung.c
        CC      lib\infrared\encoder_decoder\samsung\infrared_protocol_samsung.c
        CC      lib\infrared\encoder_decoder\sirc\infrared_decoder_sirc.c
        CC      lib\infrared\encoder_decoder\sirc\infrared_encoder_sirc.c
        CC      lib\infrared\encoder_decoder\sirc\infrared_protocol_sirc.c
        CC      lib\infrared\encoder_decoder\infrared.c
        CC      lib\infrared\worker\infrared_transmit.c
        CC      lib\infrared\worker\infrared_worker.c
        CPP     lib\app-scened-template\view_modules\byte_input_vm.cpp
        CPP     lib\app-scened-template\view_modules\dialog_ex_vm.cpp
        CPP     lib\app-scened-template\view_modules\popup_vm.cpp
        CPP     lib\app-scened-template\view_modules\submenu_vm.cpp
        CPP     lib\app-scened-template\view_modules\text_input_vm.cpp
        CPP     lib\app-scened-template\text_store.cpp
        CC      build\f7-firmware-D\assets\compiled\assets_icons.c
        CC      build\f7-firmware-D\assets\compiled\application.pb.c
        CC      build\f7-firmware-D\assets\compiled\desktop.pb.c
        CC      build\f7-firmware-D\assets\compiled\flipper.pb.c
        CC      build\f7-firmware-D\assets\compiled\gpio.pb.c
        CC      build\f7-firmware-D\assets\compiled\gui.pb.c
        CC      build\f7-firmware-D\assets\compiled\property.pb.c
        CC      build\f7-firmware-D\assets\compiled\storage.pb.c
        CC      build\f7-firmware-D\assets\compiled\system.pb.c
        CC      build\f7-firmware-D\assets\compiled\assets_dolphin_blocking.c
        CC      build\f7-firmware-D\assets\compiled\assets_dolphin_internal.c
        CC      lib\one_wire\maxim_crc.c
        CC      lib\one_wire\one_wire_host.c
        CC      lib\one_wire\one_wire_slave.c
        AR      build\f7-firmware-D\appframe\libappframe.a
        AR      build\f7-firmware-D\infrared\libinfrared.a
        CC      lib\ibutton\protocols\blanks\rw1990.c
        CC      lib\ibutton\protocols\blanks\tm2004.c
        CC      lib\ibutton\protocols\dallas\dallas_common.c
        INSTALL build\f7-firmware-D\lib\libinfrared.a
        INSTALL build\f7-firmware-D\lib\libappframe.a
        CC      lib\ibutton\protocols\dallas\protocol_ds1420.c
        CC      lib\ibutton\protocols\dallas\protocol_ds1971.c
        CC      lib\ibutton\protocols\dallas\protocol_ds1990.c
        AR      build\f7-firmware-D\assets\libassets.a
        CC      lib\ibutton\protocols\dallas\protocol_ds1992.c
        CC      lib\ibutton\protocols\dallas\protocol_ds1996.c
        CC      lib\ibutton\protocols\dallas\protocol_ds_generic.c
        CC      lib\ibutton\protocols\dallas\protocol_group_dallas.c
        CC      lib\ibutton\protocols\dallas\protocol_group_dallas_defs.c
        INSTALL build\f7-firmware-D\lib\libassets.a
        CC      lib\ibutton\protocols\misc\protocol_cyfral.c
        CC      lib\ibutton\protocols\misc\protocol_group_misc.c
        AR      build\f7-firmware-D\one_wire\libone_wire.a
        INSTALL build\f7-firmware-D\lib\libone_wire.a
        CC      lib\ibutton\protocols\misc\protocol_group_misc_defs.c
        CC      lib\ibutton\protocols\misc\protocol_metakom.c
        CC      lib\ibutton\protocols\protocol_group_defs.c
        CC      lib\ibutton\ibutton_key.c
        CC      lib\ibutton\ibutton_protocols.c
        CC      lib\ibutton\ibutton_worker.c
        CC      lib\ibutton\ibutton_worker_modes.c
        CC      lib\micro-ecc\uECC.c
        CC      lib\u8g2\u8g2_bitmap.c
        CC      lib\u8g2\u8g2_box.c
        CC      lib\u8g2\u8g2_buffer.c
        CC      lib\u8g2\u8g2_circle.c
        CC      lib\u8g2\u8g2_d_memory.c
        CC      lib\u8g2\u8g2_font.c
        CC      lib\u8g2\u8g2_fonts.c
        AR      build\f7-firmware-D\ibutton\libibutton.a
        CC      lib\u8g2\u8g2_glue.c
        CC      lib\u8g2\u8g2_hvline.c
        CC      lib\u8g2\u8g2_intersection.c
        CC      lib\u8g2\u8g2_line.c
        CC      lib\u8g2\u8g2_ll_hvline.c
        CC      lib\u8g2\u8g2_setup.c
        CC      lib\u8g2\u8x8_8x8.c
        CC      lib\u8g2\u8x8_byte.c
        CC      lib\u8g2\u8x8_cad.c
        INSTALL build\f7-firmware-D\lib\libibutton.a
        CC      lib\u8g2\u8x8_display.c
        CC      lib\u8g2\u8x8_gpio.c
        CC      lib\u8g2\u8x8_setup.c
        CC      lib\update_util\resources\manifest.c
        CC      lib\update_util\dfu_file.c
        CC      lib\update_util\lfs_backup.c
        CC      lib\update_util\update_manifest.c
        CC      lib\update_util\update_operation.c
        CC      lib\nanopb\pb_common.c
        CC      lib\nanopb\pb_decode.c
        CC      lib\nanopb\pb_encode.c
        CC      lib\heatshrink\heatshrink_decoder.c
        CC      lib\heatshrink\heatshrink_encoder.c
        CC      lib\mbedtls\library\des.c
        CC      lib\mbedtls\library\sha1.c
        CC      lib\mbedtls\library\platform_util.c
        CC      lib\lfrfid\protocols\lfrfid_protocols.c
        CC      lib\lfrfid\protocols\protocol_awid.c
        CC      lib\lfrfid\protocols\protocol_em4100.c
        CC      lib\lfrfid\protocols\protocol_fdx_a.c
        CC      lib\lfrfid\protocols\protocol_fdx_b.c
        CC      lib\lfrfid\protocols\protocol_gallagher.c
        CC      lib\lfrfid\protocols\protocol_h10301.c
        CC      lib\lfrfid\protocols\protocol_hid_ex_generic.c
        CC      lib\lfrfid\protocols\protocol_hid_generic.c
        CC      lib\lfrfid\protocols\protocol_idteck.c
        CC      lib\lfrfid\protocols\protocol_indala26.c
        CC      lib\lfrfid\protocols\protocol_io_prox_xsf.c
        CC      lib\lfrfid\protocols\protocol_jablotron.c
        CC      lib\lfrfid\protocols\protocol_keri.c
        CC      lib\lfrfid\protocols\protocol_nexwatch.c
        CC      lib\lfrfid\protocols\protocol_pac_stanley.c
        CC      lib\lfrfid\protocols\protocol_paradox.c
        CC      lib\lfrfid\protocols\protocol_pyramid.c
        CC      lib\lfrfid\protocols\protocol_viking.c
        CC      lib\lfrfid\tools\bit_lib.c
        AR      build\f7-firmware-D\mbedtls\libmbedtls.a
        CC      lib\lfrfid\tools\fsk_demod.c
        INSTALL build\f7-firmware-D\lib\libmbedtls.a
        CC      lib\lfrfid\tools\fsk_ocs.c
        CC      lib\lfrfid\tools\t5577.c
        CC      lib\lfrfid\tools\varint_pair.c
        CC      lib\lfrfid\lfrfid_dict_file.c
        CC      lib\lfrfid\lfrfid_raw_file.c
        CC      lib\lfrfid\lfrfid_raw_worker.c
        CC      lib\lfrfid\lfrfid_worker.c
        CC      lib\lfrfid\lfrfid_worker_modes.c
        CC      lib\flipper_application\elf\elf_file.c
        CC      lib\flipper_application\plugins\composite_resolver.c
        CC      lib\flipper_application\plugins\plugin_manager.c
        CC      lib\flipper_application\application_assets.c
        CC      lib\flipper_application\application_manifest.c
        CC      lib\flipper_application\flipper_application.c
        CPP     lib\flipper_application\api_hashtable\api_hashtable.cpp
        INSTALL build\f7-firmware-D\firmware.json
        AR      build\f7-firmware-D\lfrfid\liblfrfid.a
        INSTALL build\f7-firmware-D\lib\liblfrfid.a
        AR      build\f7-firmware-D\flipper_application\libflipper_application.a
        INSTALL build\f7-firmware-D\lib\libflipper_application.a
        AR      build\f7-firmware-D\misc\libmisc.a
        INSTALL build\f7-firmware-D\lib\libmisc.a
        LINK    build\f7-firmware-D\firmware.elf
        CDB     build\f7-firmware-D\compile_commands.json
        INFO
Loaded 148 app definitions.
Firmware modules configuration:
Service:
         bt, cli, dialogs, dolphin, desktop, gui, input, loader, notification, power, storage
System:
         updater_app, storage_move_to_sd
App:
         subghz, subghz_remote, lfrfid, nfc, infrared, gpio, ibutton, bad_usb, u2f, clock
Archive:
         archive
Settings:
         bt_settings, notification_settings, storage_settings, power_settings, desktop_settings, passport, system_settings, about
StartupHook:
         crypto_start, rpc_start, infrared_start, nfc_start, subghz_start, lfrfid_start, ibutton_start, onewire_start, bt_start, power_start, loader_start, locale, storage_start, updater_start, storage_move_to_sd_start, namechanger_srv, subghz_load_dangerous_settings
Package:
         basic_services, main_apps, onewire, settings_apps, system_apps
Firmware size
.text         703156 (686.68 K)
.rodata       180920 (176.68 K)
.data           1672 (  1.63 K)
.bss            8204 (  8.01 K)
.free_flash   162488 (158.68 K)
        HEX     build\f7-firmware-D\firmware.hex
        BIN     build\f7-firmware-D\firmware.bin
Linking build\f7-firmware-D as latest built dir (./build/latest/)
firmware.bin:  217 flash pages (last page 33.01% full)
        DFU     build\f7-firmware-D\firmware.dfu
2023-06-27 19:32:42,158 [INFO] Firmware binaries can be found at:
        dist\f7-D
PS D:\unleashed-firmware>