PS D:\unleashed-firmware> code .
PS D:\unleashed-firmware> ./fbt fap_dist
        CC      applications\examples\example_plugins\example_plugins.c
        CC      applications\examples\example_plugins\example_plugins_multi.c
        CC      applications\examples\example_plugins\plugin1.c
        CC      applications\examples\example_plugins\plugin2.c
        APIPREP build\f7-firmware-D\sdk_origin.i
        APIPP   build\f7-firmware-D\sdk_origin.i
        CC      applications\examples\example_plugins\example_plugins.c
        CC      applications\examples\example_plugins\example_plugins_multi.c
        CC      applications\examples\example_plugins\plugin1.c
        CC      applications\examples\example_plugins\plugin2.c
        CC      applications\examples\example_plugins_advanced\plugin1.c
        CC      applications\examples\example_plugins_advanced\plugin2.c
        ICONS   build\f7-firmware-D\.extapps\heap_defence\heap_defence_icons.c
        LINK    build\f7-firmware-D\.extapps\advanced_plugin1_d.elf
        LINK    build\f7-firmware-D\.extapps\example_plugin2_d.elf
        SDKCHK  firmware\targets\f7\api_symbols.csv
        LINK    build\f7-firmware-D\.extapps\example_plugin1_d.elf
        CC      applications\external\heap_defence_game\hede_assets.c
API version 31.0 is up to date
        ICONS   build\f7-firmware-D\.extapps\hid_usb\hid_icons.c
        CC      applications\external\hid_app\hid.c
        ICONS   build\f7-firmware-D\.extapps\hid_ble\hid_icons.c
        CC      applications\external\hid_app\hid.c
        CC      applications\external\ir_scope\ir_scope.c
        APPMETA build\f7-firmware-D\.extapps\example_plugin1.fal
        FAP     build\f7-firmware-D\.extapps\example_plugin1.fal
        APPMETA build\f7-firmware-D\.extapps\advanced_plugin1.fal
        FAP     build\f7-firmware-D\.extapps\advanced_plugin1.fal
        APPMETA build\f7-firmware-D\.extapps\example_plugin2.fal
        FAP     build\f7-firmware-D\.extapps\example_plugin2.fal
        CC      applications\external\heap_defence_game\heap_defence.c
        CC      build\f7-firmware-D\.extapps\heap_defence\heap_defence_icons.c
        LINK    build\f7-firmware-D\.extapps\advanced_plugin2_d.elf
        ICONS   build\f7-firmware-D\.extapps\mfkey32\mfkey32_icons.c
        APPMETA build\f7-firmware-D\.extapps\advanced_plugin2.fal
        FAP     build\f7-firmware-D\.extapps\advanced_plugin2.fal
        CC      build\f7-firmware-D\.extapps\hid_ble\hid_icons.c
        CC      applications\external\hid_app\views\hid_mouse.c
        CC      applications\external\hid_app\views\hid_keynote.c
        CC      applications\external\hid_app\views\hid_mouse_clicker.c
        CC      applications\external\hid_app\views\hid_keyboard.c
        CC      applications\external\hid_app\views\hid_media.c
        CC      applications\external\hid_app\views\hid_tikshorts.c
        CC      applications\external\hid_app\views\hid_numpad.c
        CC      applications\external\hid_app\views\hid_mouse_jiggler.c
        LINK    build\f7-firmware-D\.extapps\ir_scope_d.elf
        APPCHK  build\f7-firmware-D\.extapps\advanced_plugin2.fal

fbt: warning: build\f7-firmware-D\.extapps\advanced_plugin2.fal: app may not be runnable. Symbols not resolved using firmware's API: {'app_api_accumulator_get', 'app_api_accumulator_mul'}
validate_app_imports, line 275, in file "D:\unleashed-firmware\scripts\fbt_tools\fbt_extapps.py"
        LINK    build\f7-firmware-D\.extapps\heap_defence_d.elf
        APPCHK  build\f7-firmware-D\.extapps\advanced_plugin1.fal

fbt: warning: build\f7-firmware-D\.extapps\advanced_plugin1.fal: app may not be runnable. Symbols not resolved using firmware's API: {'app_api_accumulator_add', 'app_api_accumulator_get'}
validate_app_imports, line 275, in file "D:\unleashed-firmware\scripts\fbt_tools\fbt_extapps.py"
        APPMETA build\f7-firmware-D\.extapps\ir_scope.fap
        APPCHK  build\f7-firmware-D\.extapps\example_plugin1.fal
        APPCHK  build\f7-firmware-D\.extapps\example_plugin2.fal
        LINK    build\f7-firmware-D\.extapps\hid_ble_d.elf
        APPMETA build\f7-firmware-D\.extapps\heap_defence.fap
        CC      build\f7-firmware-D\.extapps\hid_usb\hid_icons.c
        CC      applications\external\hid_app\views\hid_keyboard.c
        CC      applications\external\hid_app\views\hid_numpad.c
        CC      applications\external\hid_app\views\hid_mouse_jiggler.c
        CC      applications\external\hid_app\views\hid_mouse_clicker.c
        CC      applications\external\hid_app\views\hid_keynote.c
        CC      applications\external\hid_app\views\hid_mouse.c
        CC      applications\external\hid_app\views\hid_tikshorts.c
        CC      applications\external\hid_app\views\hid_media.c
        FAP     build\f7-firmware-D\.extapps\ir_scope.fap
        FAP     build\f7-firmware-D\.extapps\heap_defence.fap
        CC      applications\external\mfkey32\mfkey32.c
        APPMETA build\f7-firmware-D\.extapps\hid_ble.fap
        FAP     build\f7-firmware-D\.extapps\hid_ble.fap
        APPCHK  build\f7-firmware-D\.extapps\heap_defence.fap
        CC      build\f7-firmware-D\.extapps\mfkey32\mfkey32_icons.c
        APPCHK  build\f7-firmware-D\.extapps\ir_scope.fap
        CC      applications\external\multi_fuzzer\scenes\fuzzer_scene.c
        APPCHK  build\f7-firmware-D\.extapps\hid_ble.fap
        ICONS   build\f7-firmware-D\.extapps\fuzzer_ibtn\fuzzer_icons.c
        LINK    build\f7-firmware-D\.extapps\hid_usb_d.elf
        CC      applications\external\multi_fuzzer\lib\worker\fake_worker.c
        CC      applications\external\multi_fuzzer\lib\worker\protocol.c
        CC      applications\external\multi_fuzzer\scenes\fuzzer_scene.c
        ICONS   build\f7-firmware-D\.extapps\fuzzer_rfid\fuzzer_icons.c
        CC      applications\external\multi_fuzzer\lib\worker\fake_worker.c
        CC      applications\external\multi_fuzzer\lib\worker\protocol.c
        CC      applications\examples\example_apps_assets\example_apps_assets.c
        CC      applications\examples\example_apps_data\example_apps_data.c
        ICONS   build\f7-firmware-D\.extapps\example_images\example_images_icons.c
        CC      applications\external\multi_fuzzer\views\main_menu.c
        CC      applications\external\multi_fuzzer\views\field_editor.c
        CC      applications\external\multi_fuzzer\views\attack.c
        CC      applications\external\multi_fuzzer\views\attack.c
        CC      applications\external\multi_fuzzer\scenes\fuzzer_scene_field_editor.c
        AR      build\f7-firmware-D\.extapps\fuzzer_ibtn\libworker.a
        CC      applications\external\multi_fuzzer\scenes\fuzzer_scene_main.c
        CC      applications\external\multi_fuzzer\fuzzer.c
        AR      build\f7-firmware-D\.extapps\fuzzer_rfid\libworker.a
        LINK    build\f7-firmware-D\.extapps\example_apps_assets_d.elf
        LINK    build\f7-firmware-D\.extapps\example_apps_data_d.elf
        CC      applications\external\multi_fuzzer\views\main_menu.c
        APPMETA build\f7-firmware-D\.extapps\example_apps_assets.fap
        APPFILE build\f7-firmware-D\.extapps\example_apps_assets.fap
        APPMETA build\f7-firmware-D\.extapps\example_apps_data.fap
        FAP     build\f7-firmware-D\.extapps\example_apps_data.fap
        FAP     build\f7-firmware-D\.extapps\example_apps_assets.fap
        LINK    build\f7-firmware-D\.extapps\mfkey32_d.elf
        CC      applications\external\multi_fuzzer\scenes\fuzzer_scene_attack.c
        CC      applications\external\multi_fuzzer\views\field_editor.c
        CC      build\f7-firmware-D\.extapps\fuzzer_rfid\fuzzer_icons.c
        CC      applications\external\multi_fuzzer\scenes\fuzzer_scene_main.c
        APPCHK  build\f7-firmware-D\.extapps\example_apps_assets.fap
        CC      applications\external\multi_fuzzer\scenes\fuzzer_scene_attack.c
        APPCHK  build\f7-firmware-D\.extapps\example_apps_data.fap
        CC      applications\external\multi_fuzzer\scenes\fuzzer_scene_field_editor.c
        CC      applications\external\multi_fuzzer\fuzzer.c
        CC      build\f7-firmware-D\.extapps\fuzzer_ibtn\fuzzer_icons.c
        APPMETA build\f7-firmware-D\.extapps\hid_usb.fap
        FAP     build\f7-firmware-D\.extapps\hid_usb.fap
        CC      applications\examples\example_plugins\example_plugins.c
        CC      build\f7-firmware-D\.extapps\example_images\example_images_icons.c
        CC      applications\examples\example_images\example_images.c
        APPMETA build\f7-firmware-D\.extapps\mfkey32.fap
        FAP     build\f7-firmware-D\.extapps\mfkey32.fap
        CC      applications\examples\example_plugins\example_plugins_multi.c
        APPCHK  build\f7-firmware-D\.extapps\hid_usb.fap
        CC      applications\examples\example_plugins\plugin1.c
        CC      applications\examples\example_plugins\plugin2.c
        APPCHK  build\f7-firmware-D\.extapps\mfkey32.fap
        CC      applications\examples\example_plugins\example_plugins.c
        CC      applications\examples\example_plugins\example_plugins_multi.c
        LINK    build\f7-firmware-D\.extapps\fuzzer_rfid_d.elf
        CC      applications\examples\example_plugins\plugin1.c
        CC      applications\examples\example_plugins\plugin2.c
        CC      applications\examples\example_plugins_advanced\app_api.c
        LINK    build\f7-firmware-D\.extapps\fuzzer_ibtn_d.elf
        CPP     applications\examples\example_plugins_advanced\app_api_table.cpp
        APPMETA build\f7-firmware-D\.extapps\fuzzer_rfid.fap
        FAP     build\f7-firmware-D\.extapps\fuzzer_rfid.fap
        CC      applications\examples\example_plugins_advanced\example_advanced_plugins.c
        LINK    build\f7-firmware-D\.extapps\example_plugins_d.elf
        LINK    build\f7-firmware-D\.extapps\example_images_d.elf
	CC	applications\examples\example_plugins_advanced\plugin1.c
  CC      applications\examples\example_plugins_advanced\plugin2.c
        APPMETA build\f7-firmware-D\.extapps\fuzzer_ibtn.fap
        FAP     build\f7-firmware-D\.extapps\fuzzer_ibtn.fap
        APPCHK  build\f7-firmware-D\.extapps\fuzzer_rfid.fap
        CC      applications\examples\example_thermo\example_thermo.c
        CC      applications_user\my_first_app\my_first_app.c
        CC      applications\external\swd_probe\adi.c
        APPMETA build\f7-firmware-D\.extapps\example_images.fap
        FAP     build\f7-firmware-D\.extapps\example_images.fap
        APPMETA build\f7-firmware-D\.extapps\example_plugins.fap
        FAP     build\f7-firmware-D\.extapps\example_plugins.fap
        LINK    build\f7-firmware-D\.extapps\example_plugins_multi_d.elf
        CC      applications\external\swd_probe\jep106.c
        APPCHK  build\f7-firmware-D\.extapps\fuzzer_ibtn.fap
        ICONS   build\f7-firmware-D\.extapps\swd_probe\swd_probe_icons.c
        CC      applications\external\swd_probe\usb_uart.c
        APPCHK  build\f7-firmware-D\.extapps\example_plugins.fap
        APPCHK  build\f7-firmware-D\.extapps\example_images.fap
        CC      applications\external\subbrute\helpers\gui_top_buttons.c
        CC      applications\external\subbrute\helpers\subbrute_worker.c
        CC      build\f7-firmware-D\.extapps\swd_probe\swd_probe_icons.c
        CC      applications\external\swd_probe\swd_probe_app.c
        LINK    build\f7-firmware-D\.extapps\example_thermo_d.elf
        LINK    build\f7-firmware-D\.extapps\my_first_app_d.elf
        APPMETA build\f7-firmware-D\.extapps\example_plugins_multi.fap
        FAP     build\f7-firmware-D\.extapps\example_plugins_multi.fap
        ICONS   build\f7-firmware-D\.extapps\subghz_bruteforcer\subghz_bruteforcer_icons.c
        CC      applications\external\subbrute\scenes\subbute_scene.c
        APPMETA build\f7-firmware-D\.extapps\example_thermo.fap
        APPMETA build\f7-firmware-D\.extapps\my_first_app.fap
        FAP     build\f7-firmware-D\.extapps\example_thermo.fap
        FAP     build\f7-firmware-D\.extapps\my_first_app.fap
        LINK    build\f7-firmware-D\.extapps\example_advanced_plugins_d.elf
        CC      applications\external\subbrute\subbrute_device.c
        CC      applications\external\subbrute\subbrute_protocols.c
        APPCHK  build\f7-firmware-D\.extapps\example_plugins_multi.fap
        CC      applications\external\spectrum_analyzer\spectrum_analyzer.c
        APPMETA build\f7-firmware-D\.extapps\example_advanced_plugins.fap
        FAP     build\f7-firmware-D\.extapps\example_advanced_plugins.fap
        CC      applications\external\spectrum_analyzer\spectrum_analyzer_worker.c
        APPCHK  build\f7-firmware-D\.extapps\example_thermo.fap
        APPCHK  build\f7-firmware-D\.extapps\my_first_app.fap
        CC      applications\external\playlist\canvas_helper.c
        ICONS   build\f7-firmware-D\.extapps\subghz_playlist\subghz_playlist_icons.c
        CC      applications\external\subbrute\scenes\subbrute_scene_start.c
        CC      applications\external\subbrute\scenes\subbrute_scene_setup_extra.c
        CC      applications\external\subbrute\scenes\subbrute_scene_setup_attack.c
        CC      applications\external\subbrute\views\subbrute_attack_view.c
        CC      applications\external\subbrute\scenes\subbrute_scene_run_attack.c
        CC      applications\external\subbrute\subbrute.c
        CC      applications\external\subbrute\scenes\subbrute_scene_load_select.c
        CC      applications\external\subbrute\views\subbrute_main_view.c
        LINK    build\f7-firmware-D\.extapps\spectrum_analyzer_d.elf
        CC      applications\external\subbrute\scenes\subbrute_scene_save_success.c
        LINK    build\f7-firmware-D\.extapps\swd_probe_d.elf
        APPMETA build\f7-firmware-D\.extapps\spectrum_analyzer.fap
        FAP     build\f7-firmware-D\.extapps\spectrum_analyzer.fap
        CC      applications\external\subbrute\scenes\subbrute_scene_load_file.c
	CC	applications\external\subbrute\scenes\subbrute_scene_save_name.c
  CC      build\f7-firmware-D\.extapps\subghz_bruteforcer\subghz_bruteforcer_icons.c
        CC      applications\external\playlist\playlist_file.c
        APPCHK  build\f7-firmware-D\.extapps\spectrum_analyzer.fap
        CC      applications\external\playlist\playlist.c
        APPCHK  build\f7-firmware-D\.extapps\example_advanced_plugins.fap
        CC      build\f7-firmware-D\.extapps\subghz_playlist\subghz_playlist_icons.c
        APPMETA build\f7-firmware-D\.extapps\swd_probe.fap
        FAP     build\f7-firmware-D\.extapps\swd_probe.fap
        CC      applications\external\multi_converter\multi_converter.c
        CC      applications\external\multi_converter\multi_converter_mode_display.c
        CC      applications\external\multi_converter\multi_converter_mode_select.c
        CC      applications\external\multi_converter\multi_converter_units.c
        APPCHK  build\f7-firmware-D\.extapps\swd_probe.fap
        CC      applications\external\avr_isp_programmer\helpers\avr_isp.c
        CC      applications\external\avr_isp_programmer\helpers\avr_isp_worker.c
        CC      applications\external\avr_isp_programmer\helpers\avr_isp_worker_rw.c
        CC      applications\external\avr_isp_programmer\helpers\flipper_i32hex_file.c
        ICONS   build\f7-firmware-D\.extapps\avr_isp\avr_isp_icons.c
        CC      applications\external\avr_isp_programmer\views\avr_isp_view_reader.c
        LINK    build\f7-firmware-D\.extapps\subghz_bruteforcer_d.elf
        CC      applications\external\avr_isp_programmer\views\avr_isp_view_writer.c
        CC      applications\external\avr_isp_programmer\lib\driver\avr_isp_chip_arr.c
        LINK    build\f7-firmware-D\.extapps\multi_converter_d.elf
        LINK    build\f7-firmware-D\.extapps\subghz_playlist_d.elf
        CC      applications\external\avr_isp_programmer\lib\driver\avr_isp_prog.c
        APPMETA build\f7-firmware-D\.extapps\subghz_bruteforcer.fap
        FAP     build\f7-firmware-D\.extapps\subghz_bruteforcer.fap
        CC      applications\external\avr_isp_programmer\lib\driver\avr_isp_spi_sw.c
        CC      applications\external\dap_link\gui\scenes\config\dap_scene.c
        APPMETA build\f7-firmware-D\.extapps\subghz_playlist.fap
        FAP     build\f7-firmware-D\.extapps\subghz_playlist.fap
        APPMETA build\f7-firmware-D\.extapps\multi_converter.fap
        APPCHK  build\f7-firmware-D\.extapps\subghz_bruteforcer.fap
        FAP     build\f7-firmware-D\.extapps\multi_converter.fap
        CC      applications\external\dap_link\gui\scenes\dap_scene_about.c
        CC      applications\external\dap_link\gui\scenes\dap_scene_config.c
        CC      applications\external\dap_link\gui\scenes\dap_scene_help.c
        CC      applications\external\dap_link\gui\scenes\dap_scene_main.c
        ICONS   build\f7-firmware-D\.extapps\dap_link\dap_link_icons.c
        CC      applications\external\dap_link\gui\dap_gui.c
        APPCHK  build\f7-firmware-D\.extapps\multi_converter.fap
        APPCHK  build\f7-firmware-D\.extapps\subghz_playlist.fap
        CC      applications\external\dap_link\usb\dap_v2_usb.c
        CC      applications\external\avr_isp_programmer\scenes\avr_isp_scene.c
        CC      applications\external\avr_isp_programmer\scenes\avr_isp_scene_success.c
        CC      applications\external\avr_isp_programmer\views\avr_isp_view_chip_detect.c
        CC      applications\external\avr_isp_programmer\scenes\avr_isp_scene_writer.c
        AR      build\f7-firmware-D\.extapps\avr_isp\libdriver.a
        CC      applications\external\avr_isp_programmer\scenes\avr_isp_scene_wiring.c
        CC      applications\external\avr_isp_programmer\avr_isp_app_i.c
        CC      applications\external\avr_isp_programmer\scenes\avr_isp_scene_load.c
        CC      applications\external\avr_isp_programmer\scenes\avr_isp_scene_reader.c
        CC      applications\external\avr_isp_programmer\scenes\avr_isp_scene_programmer.c
        CC      applications\external\avr_isp_programmer\scenes\avr_isp_scene_input_name.c
        CC      applications\external\avr_isp_programmer\avr_isp_app.c
        CC      applications\external\avr_isp_programmer\scenes\avr_isp_scene_start.c
        CC      applications\external\dap_link\gui\views\dap_main_view.c
        CC      applications\external\avr_isp_programmer\scenes\avr_isp_scene_chip_detect.c
        CC      applications\external\avr_isp_programmer\scenes\avr_isp_scene_about.c
        CC      applications\external\avr_isp_programmer\views\avr_isp_view_programmer.c
        CC      build\f7-firmware-D\.extapps\avr_isp\avr_isp_icons.c
        CC      applications\external\dap_link\dap_link.c
        CC      build\f7-firmware-D\.extapps\dap_link\dap_link_icons.c
        CC      applications\external\dap_link\lib\free-dap\dap.c
        CC      applications\external\dtmf_dolphin\scenes\dtmf_dolphin_scene.c
        CC      applications\external\dtmf_dolphin\scenes\dtmf_dolphin_scene_dialer.c
        CC      applications\external\dtmf_dolphin\scenes\dtmf_dolphin_scene_start.c
        CC      applications\external\dtmf_dolphin\views\dtmf_dolphin_dialer.c
        CC      applications\external\dtmf_dolphin\dtmf_dolphin.c
        CC      applications\external\dtmf_dolphin\dtmf_dolphin_audio.c
        CC      applications\external\dtmf_dolphin\dtmf_dolphin_data.c
        CC      applications\external\dtmf_dolphin\dtmf_dolphin_hal.c
        CC      applications\external\hc_sr04\hc_sr04.c
        ICONS   build\f7-firmware-D\.extapps\hex_viewer\hex_viewer_icons.c
        LINK    build\f7-firmware-D\.extapps\avr_isp_d.elf
        ICONS   build\f7-firmware-D\.extapps\metronome\metronome_icons.c
        AR      build\f7-firmware-D\.extapps\dap_link\libfree-dap.a
        CC      applications\external\metronome\metronome.c
        LINK    build\f7-firmware-D\.extapps\dap_link_d.elf
        APPMETA build\f7-firmware-D\.extapps\avr_isp.fap
        FAP     build\f7-firmware-D\.extapps\avr_isp.fap
        CC      applications\external\morse_code\morse_code.c
        CC      applications\external\morse_code\morse_code_worker.c
        ICONS   build\f7-firmware-D\.extapps\music_player\music_player_icons.c
        CC      applications\external\music_player\music_player_cli.c
        CC      applications\external\music_player\music_player_worker.c
        CC      build\f7-firmware-D\.extapps\hex_viewer\hex_viewer_icons.c
        CC      applications\external\hex_viewer\hex_viewer.c
        CC      applications\external\metronome\gui_extensions.c
        CC      build\f7-firmware-D\.extapps\metronome\metronome_icons.c
        LINK    build\f7-firmware-D\.extapps\hc_sr04_d.elf
        LINK    build\f7-firmware-D\.extapps\dtmf_dolphin_d.elf
        APPCHK  build\f7-firmware-D\.extapps\avr_isp.fap
        APPMETA build\f7-firmware-D\.extapps\dap_link.fap
        FAP     build\f7-firmware-D\.extapps\dap_link.fap
        CC      applications\external\tetris_game\tetris_game.c
        APPMETA build\f7-firmware-D\.extapps\hc_sr04.fap
        FAP     build\f7-firmware-D\.extapps\hc_sr04.fap
        LINK    build\f7-firmware-D\.extapps\metronome_d.elf
        APPCHK  build\f7-firmware-D\.extapps\dap_link.fap
        ICONS   build\f7-firmware-D\.extapps\text_viewer\text_viewer_icons.c
        APPMETA build\f7-firmware-D\.extapps\metronome.fap
        FAP     build\f7-firmware-D\.extapps\metronome.fap
        LINK    build\f7-firmware-D\.extapps\morse_code_d.elf
        APPMETA build\f7-firmware-D\.extapps\dtmf_dolphin.fap
        FAP     build\f7-firmware-D\.extapps\dtmf_dolphin.fap
        CC      applications\external\music_player\music_player.c
        APPCHK  build\f7-firmware-D\.extapps\hc_sr04.fap
        CC      build\f7-firmware-D\.extapps\music_player\music_player_icons.c
        CC      applications\external\totp\cli\commands\add\add.c
        CC      applications\external\totp\cli\commands\automation\automation.c
        CC      build\f7-firmware-D\.extapps\text_viewer\text_viewer_icons.c
        CC      applications\external\text_viewer\text_viewer.c
        APPMETA build\f7-firmware-D\.extapps\morse_code.fap
        FAP     build\f7-firmware-D\.extapps\morse_code.fap
        LINK    build\f7-firmware-D\.extapps\hex_viewer_d.elf
        CC      applications\external\totp\cli\commands\delete\delete.c
        CC      applications\external\totp\cli\commands\details\details.c
        LINK    build\f7-firmware-D\.extapps\tetris_d.elf
        APPCHK  build\f7-firmware-D\.extapps\dtmf_dolphin.fap
        APPCHK  build\f7-firmware-D\.extapps\metronome.fap
        CC      applications\external\totp\cli\commands\help\help.c
        APPMETA build\f7-firmware-D\.extapps\hex_viewer.fap
        APPCHK  build\f7-firmware-D\.extapps\morse_code.fap
        FAP     build\f7-firmware-D\.extapps\hex_viewer.fap
        CC      applications\external\totp\cli\commands\list\list.c
        CC      applications\external\totp\cli\commands\move\move.c
        APPMETA build\f7-firmware-D\.extapps\tetris.fap
        FAP     build\f7-firmware-D\.extapps\tetris.fap
        CC      applications\external\totp\cli\commands\notification\notification.c
        APPCHK  build\f7-firmware-D\.extapps\hex_viewer.fap
        LINK    build\f7-firmware-D\.extapps\music_player_d.elf
        CC      applications\external\totp\cli\commands\pin\pin.c
        CC      applications\external\totp\cli\commands\reset\reset.c
        CC      applications\external\totp\cli\commands\timezone\timezone.c
        APPCHK  build\f7-firmware-D\.extapps\tetris.fap
        CC      applications\external\totp\cli\commands\update\update.c
        CC      applications\external\totp\cli\cli.c
        CC      applications\external\totp\cli\cli_helpers.c
        APPMETA build\f7-firmware-D\.extapps\music_player.fap
        FAP     build\f7-firmware-D\.extapps\music_player.fap
        LINK    build\f7-firmware-D\.extapps\text_viewer_d.elf
        CC      applications\external\totp\cli\common_command_arguments.c
        CC      applications\external\totp\services\config\migrations\common_migration.c
        APPCHK  build\f7-firmware-D\.extapps\music_player.fap
        APPMETA build\f7-firmware-D\.extapps\text_viewer.fap
        FAP     build\f7-firmware-D\.extapps\text_viewer.fap
        CC      applications\external\totp\services\config\config.c
        CC      applications\external\totp\services\config\token_info_iterator.c
        CC      applications\external\totp\services\crypto\crypto.c
        CC      applications\external\totp\services\hmac\byteswap.c
        CC      applications\external\totp\services\hmac\hmac_sha1.c
        APPCHK  build\f7-firmware-D\.extapps\text_viewer.fap
        CC      applications\external\totp\services\hmac\hmac_sha256.c
        CC      applications\external\totp\services\hmac\hmac_sha512.c
        CC      applications\external\totp\services\hmac\memxor.c
        CC      applications\external\totp\services\hmac\sha1.c
        CC      applications\external\totp\services\hmac\sha256.c
        CC      applications\external\totp\services\hmac\sha512.c
        CC      applications\external\totp\services\hmac\sha_pad_buffer.c
        CC      applications\external\totp\services\idle_timeout\idle_timeout.c
        CC      applications\external\totp\services\totp\totp.c
        CC      applications\external\totp\types\common.c
        CC      applications\external\totp\types\token_info.c
        CC      applications\external\totp\ui\fonts\712serif\712serif.c
        CC      applications\external\totp\ui\fonts\bedstead\bedstead.c
        CC      applications\external\totp\ui\fonts\dpcomic\dpcomic.c
        CC      applications\external\totp\ui\fonts\funclimbing\funclimbing.c
        CC      applications\external\totp\ui\fonts\graph35pix\graph35pix.c
        CC      applications\external\totp\ui\fonts\karma_future\karma_future.c
        CC      applications\external\totp\ui\fonts\mode_nine\mode_nine.c
        CC      applications\external\totp\ui\fonts\pixelflag\pixelflag.c
        CC      applications\external\totp\ui\fonts\redhat_mono\redhat_mono.c
        CC      applications\external\totp\ui\fonts\zector\zector.c
	CC	applications\external\totp\ui\scenes\add_new_token\totp_input_text.c
      CC      applications\external\totp\ui\scenes\add_new_token\totp_scene_add_new_token.c
        ICONS   build\f7-firmware-D\.extapps\totp\totp_icons.c
        CC      applications\external\totp\ui\scenes\token_menu\totp_scene_token_menu.c
        CC      applications\external\totp\ui\common_dialogs.c
        CC      applications\external\totp\ui\scene_director.c
        CC      applications\external\totp\workers\bt_type_code\bt_type_code.c
        CC      applications\external\totp\workers\generate_totp_code\generate_totp_code.c
        CC      applications\external\totp\workers\usb_type_code\usb_type_code.c
        CC      applications\external\totp\workers\type_code_common.c
        CC      applications\external\totp\totp_app.c
        CC      applications\external\totp\lib\base32\base32.c
        CC      applications\external\totp\ui\ui_controls.c
        CC      applications\external\totp\ui\scenes\standby\standby.c
        AR      build\f7-firmware-D\.extapps\totp\libbase32.a
        CC      applications\external\totp\ui\scenes\app_settings\totp_app_settings.c
        CC      applications\external\totp\ui\scenes\authenticate\totp_scene_authenticate.c
        CC      applications\external\totp\ui\scenes\generate_token\totp_scene_generate_token.c
        CC      build\f7-firmware-D\.extapps\totp\totp_icons.c
        CC      applications\external\totp\lib\base64\base64.c
        CC      applications\external\totp\lib\timezone_utils\timezone_utils.c
        CC      applications\external\totp\lib\polyfills\memset_s.c
        CC      applications\external\totp\lib\polyfills\strnlen.c
        CC      applications\external\totp\lib\roll_value\roll_value.c
        CC      applications\external\arkanoid\arkanoid_game.c
        AR      build\f7-firmware-D\.extapps\totp\libpolyfills.a
        AR      build\f7-firmware-D\.extapps\totp\libbase64.a
        AR      build\f7-firmware-D\.extapps\totp\libtimezone_utils.a
        CC      applications\external\blackjack\common\card.c
        CC      applications\external\blackjack\common\dml.c
        AR      build\f7-firmware-D\.extapps\totp\libroll_value.a
        CC      applications\external\blackjack\common\menu.c
        CC      applications\external\blackjack\common\queue.c
        CC      applications\external\blackjack\common\ui.c
        ICONS   build\f7-firmware-D\.extapps\blackjack\blackjack_icons.c
        CC      applications\external\blackjack\ui.c
        LINK    build\f7-firmware-D\.extapps\totp_d.elf
        CC      applications\external\blackjack\util.c
        CC      applications\external\game15\game15.c
        CC      applications\external\game15\sandbox.c
        CC      applications\external\mifare_nested\scenes\mifare_nested_scene.c
        LINK    build\f7-firmware-D\.extapps\arkanoid_d.elf
        ICONS   build\f7-firmware-D\.extapps\mifare_nested\mifare_nested_icons.c
        CC      applications\external\blackjack\blackjack.c
        CC      build\f7-firmware-D\.extapps\blackjack\blackjack_icons.c
        APPMETA build\f7-firmware-D\.extapps\arkanoid.fap
        FAP     build\f7-firmware-D\.extapps\arkanoid.fap
        APPMETA build\f7-firmware-D\.extapps\totp.fap
        FAP     build\f7-firmware-D\.extapps\totp.fap
        CC      applications\external\mifare_nested\lib\nested\nested.c
        CC      applications\external\mifare_nested\lib\parity\parity.c
        CC      applications\external\mifare_nested\lib\crypto1\crypto1.c
        CC      applications\external\nfc_magic\scenes\nfc_magic_scene.c
        AR      build\f7-firmware-D\.extapps\mifare_nested\libparity.a
        CC      build\f7-firmware-D\.extapps\mifare_nested\mifare_nested_icons.c
        CC      applications\external\mifare_nested\scenes\mifare_nested_scene_no_keys.c
        CC      applications\external\mifare_nested\scenes\mifare_nested_scene_collecting.c
        CC      applications\external\mifare_nested\scenes\mifare_nested_scene_static_encrypted_nonce.c
        CC      applications\external\mifare_nested\scenes\mifare_nested_scene_check.c
        CC      applications\external\mifare_nested\scenes\mifare_nested_scene_about.c
        CC      applications\external\mifare_nested\mifare_nested.c
        CC      applications\external\mifare_nested\scenes\mifare_nested_scene_nonces_collected.c
        CC      applications\external\mifare_nested\scenes\mifare_nested_scene_settings.c
        CC      applications\external\mifare_nested\scenes\mifare_nested_scene_need_key_recovery.c
        LINK    build\f7-firmware-D\.extapps\blackjack_d.elf
        AR      build\f7-firmware-D\.extapps\mifare_nested\libcrypto1.a
        AR      build\f7-firmware-D\.extapps\mifare_nested\libnested.a
        CC      applications\external\mifare_nested\mifare_nested_worker.c
        CC      applications\external\mifare_nested\scenes\mifare_nested_scene_start.c
        APPMETA build\f7-firmware-D\.extapps\blackjack.fap
        CC      applications\external\mifare_nested\scenes\mifare_nested_scene_added_keys.c
        FAP     build\f7-firmware-D\.extapps\blackjack.fap
        CC      applications\external\mifare_nested\scenes\mifare_nested_scene_check_keys.c
        CC      applications\external\mifare_nested\scenes\mifare_nested_scene_need_collection.c
        CC      applications\external\mifare_nested\scenes\mifare_nested_scene_failed.c
        CC      applications\external\mifare_nested\scenes\mifare_nested_scene_no_nonces_collected.c
        LINK    build\f7-firmware-D\.extapps\game15_d.elf
        APPCHK  build\f7-firmware-D\.extapps\arkanoid.fap
        APPCHK  build\f7-firmware-D\.extapps\totp.fap
        APPCHK  build\f7-firmware-D\.extapps\blackjack.fap
        ICONS   build\f7-firmware-D\.extapps\nfc_magic\nfc_magic_icons.c
        APPMETA build\f7-firmware-D\.extapps\game15.fap
        FAP     build\f7-firmware-D\.extapps\game15.fap
        CC      applications\external\nfc_magic\lib\magic\classic_gen1.c
        CC      applications\external\nfc_magic\lib\magic\common.c
        CC      applications\external\nfc_magic\lib\magic\gen4.c
        CC      applications\external\nfc_magic\lib\magic\types.c
        APPCHK  build\f7-firmware-D\.extapps\game15.fap
        CC      applications\external\picopass\helpers\iclass_elite_dict.c
        CC      applications\external\picopass\scenes\picopass_scene.c
        ICONS   build\f7-firmware-D\.extapps\picopass\picopass_icons.c
        LINK    build\f7-firmware-D\.extapps\mifare_nested_d.elf
        CC      build\f7-firmware-D\.extapps\nfc_magic\nfc_magic_icons.c
        CC      applications\external\nfc_magic\scenes\nfc_magic_scene_not_magic.c
        CC      applications\external\nfc_magic\scenes\nfc_magic_scene_write.c
        CC      applications\external\nfc_magic\scenes\nfc_magic_scene_new_key_input.c
        CC      applications\external\nfc_magic\scenes\nfc_magic_scene_rekey.c
        CC      applications\external\nfc_magic\scenes\nfc_magic_scene_gen4_actions.c
        CC      applications\external\nfc_magic\scenes\nfc_magic_scene_magic_info.c
        CC      applications\external\nfc_magic\scenes\nfc_magic_scene_actions.c
        AR      build\f7-firmware-D\.extapps\nfc_magic\libmagic.a
        CC      applications\external\nfc_magic\scenes\nfc_magic_scene_wipe.c
        CC      applications\external\nfc_magic\nfc_magic.c
        APPMETA build\f7-firmware-D\.extapps\mifare_nested.fap
        FAP     build\f7-firmware-D\.extapps\mifare_nested.fap
        CC      applications\external\nfc_magic\scenes\nfc_magic_scene_file_select.c
        APPCHK  build\f7-firmware-D\.extapps\mifare_nested.fap
        CC      applications\external\nfc_magic\scenes\nfc_magic_scene_wrong_card.c
        CC      applications\external\nfc_magic\scenes\nfc_magic_scene_wipe_fail.c
        CC      applications\external\nfc_magic\nfc_magic_worker.c
        CC      applications\external\nfc_magic\scenes\nfc_magic_scene_check.c
        CC      applications\external\nfc_magic\scenes\nfc_magic_scene_write_fail.c
	CC	applications\external\nfc_magic\scenes\nfc_magic_scene_write_confirm.c
    CC      applications\external\nfc_magic\scenes\nfc_magic_scene_start.c
        CC      applications\external\nfc_magic\scenes\nfc_magic_scene_success.c
        CC      applications\external\nfc_magic\scenes\nfc_magic_scene_key_input.c
        CC      applications\external\nfc_magic\scenes\nfc_magic_scene_rekey_fail.c
        CC      applications\external\picopass\scenes\picopass_scene_card_menu.c
        CC      applications\external\picopass\scenes\picopass_scene_delete.c
        CC      applications\external\picopass\scenes\picopass_scene_delete_success.c
        CC      applications\external\picopass\scenes\picopass_scene_device_info.c
        CC      applications\external\picopass\scenes\picopass_scene_elite_dict_attack.c
        CC      applications\external\picopass\scenes\picopass_scene_file_select.c
        CC      applications\external\picopass\scenes\picopass_scene_key_menu.c
        CC      applications\external\picopass\scenes\picopass_scene_read_card.c
        CC      applications\external\picopass\scenes\picopass_scene_read_card_success.c
        CC      applications\external\picopass\scenes\picopass_scene_read_factory_success.c
        CC      applications\external\picopass\scenes\picopass_scene_save_name.c
        LINK    build\f7-firmware-D\.extapps\nfc_magic_d.elf
        CC      applications\external\picopass\scenes\picopass_scene_save_success.c
        CC      applications\external\picopass\scenes\picopass_scene_saved_menu.c
        APPMETA build\f7-firmware-D\.extapps\nfc_magic.fap
        FAP     build\f7-firmware-D\.extapps\nfc_magic.fap
        CC      applications\external\picopass\scenes\picopass_scene_start.c
        CC      applications\external\picopass\scenes\picopass_scene_write_card.c
        CC      applications\external\picopass\scenes\picopass_scene_write_card_success.c
        CC      applications\external\picopass\scenes\picopass_scene_write_key.c
        APPCHK  build\f7-firmware-D\.extapps\nfc_magic.fap
        CC      applications\external\picopass\views\dict_attack.c
        CC      applications\external\picopass\picopass.c
        CC      applications\external\picopass\picopass_device.c
        CC      applications\external\picopass\picopass_keys.c
        CC      applications\external\picopass\picopass_worker.c
        CC      applications\external\picopass\rfal_picopass.c
        CC      build\f7-firmware-D\.extapps\picopass\picopass_icons.c
        CC      applications\external\picopass\lib\loclass\optimized_cipher.c
        CC      applications\external\picopass\lib\loclass\optimized_cipherutils.c
        CC      applications\external\picopass\lib\loclass\optimized_elite.c
        CC      applications\external\picopass\lib\loclass\optimized_ikeys.c
        CC      applications\external\snake_game\snake_game.c
        CC      applications\external\solitaire\common\card.c
        CC      applications\external\solitaire\common\dml.c
        CC      applications\external\solitaire\common\menu.c
        CC      applications\external\solitaire\common\queue.c
        CC      applications\external\solitaire\common\ui.c
        ICONS   build\f7-firmware-D\.extapps\solitaire\solitaire_icons.c
        CC      applications\external\spi_mem_manager\scenes\spi_mem_scene.c
        ICONS   build\f7-firmware-D\.extapps\spi_mem_manager\spi_mem_manager_icons.c
        CC      applications\external\spi_mem_manager\views\spi_mem_view_progress.c
        LINK    build\f7-firmware-D\.extapps\snake_d.elf
        AR      build\f7-firmware-D\.extapps\picopass\libloclass.a
        CC      applications\external\spi_mem_manager\lib\spi\spi_mem_chip.c
        CC      applications\external\spi_mem_manager\lib\spi\spi_mem_chip_arr.c
        CC      applications\external\spi_mem_manager\lib\spi\spi_mem_tools.c
        APPMETA build\f7-firmware-D\.extapps\snake.fap
        CC      build\f7-firmware-D\.extapps\solitaire\solitaire_icons.c
        FAP     build\f7-firmware-D\.extapps\snake.fap
        CC      applications\external\solitaire\solitaire.c
        LINK    build\f7-firmware-D\.extapps\picopass_d.elf
        CC      applications\external\spi_mem_manager\lib\spi\spi_mem_worker.c
	CC	applications\external\spi_mem_manager\lib\spi\spi_mem_worker_modes.c
      CC      build\f7-firmware-D\.extapps\spi_mem_manager\spi_mem_manager_icons.c
        APPCHK  build\f7-firmware-D\.extapps\snake.fap
        CC      applications\external\spi_mem_manager\views\spi_mem_view_detect.c
        CC      applications\external\spi_mem_manager\scenes\spi_mem_scene_saved_file_menu.c
        CC      applications\external\spi_mem_manager\scenes\spi_mem_scene_read_filename.c
        CC      applications\external\spi_mem_manager\scenes\spi_mem_scene_chip_detected.c
        CC      applications\external\spi_mem_manager\scenes\spi_mem_scene_chip_detect_fail.c
        APPMETA build\f7-firmware-D\.extapps\picopass.fap
        FAP     build\f7-firmware-D\.extapps\picopass.fap
        CC      applications\external\spi_mem_manager\scenes\spi_mem_scene_erase.c
        CC      applications\external\spi_mem_manager\scenes\spi_mem_scene_success.c
        CC      applications\external\spi_mem_manager\scenes\spi_mem_scene_storage_error.c
        APPCHK  build\f7-firmware-D\.extapps\picopass.fap
        CC      applications\external\spi_mem_manager\scenes\spi_mem_scene_read.c
        AR      build\f7-firmware-D\.extapps\spi_mem_manager\libspi.a
        CC      applications\external\spi_mem_manager\scenes\spi_mem_scene_wiring.c
        LINK    build\f7-firmware-D\.extapps\solitaire_d.elf
        CC      applications\external\spi_mem_manager\spi_mem_files.c
        CC      applications\external\spi_mem_manager\scenes\spi_mem_scene_chip_detect.c
        CC      applications\external\spi_mem_manager\scenes\spi_mem_scene_delete_confirm.c
        CC      applications\external\spi_mem_manager\scenes\spi_mem_scene_start.c
        CC      applications\external\spi_mem_manager\scenes\spi_mem_scene_select_vendor.c
        CC      applications\external\spi_mem_manager\scenes\spi_mem_scene_write.c
        APPMETA build\f7-firmware-D\.extapps\solitaire.fap
        FAP     build\f7-firmware-D\.extapps\solitaire.fap
        APPCHK  build\f7-firmware-D\.extapps\solitaire.fap
        CC      applications\external\spi_mem_manager\spi_mem_app.c
        CC      applications\external\spi_mem_manager\scenes\spi_mem_scene_about.c
        CC      applications\external\spi_mem_manager\scenes\spi_mem_scene_verify_error.c
        CC      applications\external\spi_mem_manager\scenes\spi_mem_scene_chip_error.c
        CC      applications\external\spi_mem_manager\scenes\spi_mem_scene_select_model.c
        CC      applications\external\spi_mem_manager\scenes\spi_mem_scene_select_file.c
        CC      applications\external\spi_mem_manager\scenes\spi_mem_scene_verify.c
        CC      applications\external\spi_mem_manager\scenes\spi_mem_scene_file_info.c
        CC      applications\external\gps_nmea_uart\gps.c
        CC      applications\external\gps_nmea_uart\gps_uart.c
        CC      applications\external\gps_nmea_uart\minmea.c
        CC      applications\external\minesweeper\minesweeper.c
        CC      applications\external\tictactoe_game\tictactoe_game.c
        CC      applications\external\wav_player\wav_parser.c
        ICONS   build\f7-firmware-D\.extapps\wav_player\wav_player_icons.c
        CC      applications\external\wav_player\wav_player_hal.c
        CC      applications\external\wav_player\wav_player_view.c
        CC      applications\external\barcode_generator\barcode_generator.c
        LINK    build\f7-firmware-D\.extapps\spi_mem_manager_d.elf
        CC      applications\external\pocsag_pager\protocols\pcsg_generic.c
        CC      applications\external\pocsag_pager\protocols\pocsag.c
        CC      applications\external\pocsag_pager\protocols\protocol_items.c
        LINK    build\f7-firmware-D\.extapps\gps_nmea_d.elf
        LINK    build\f7-firmware-D\.extapps\tictactoe_d.elf
        APPMETA build\f7-firmware-D\.extapps\gps_nmea.fap
        CC      build\f7-firmware-D\.extapps\wav_player\wav_player_icons.c
        FAP     build\f7-firmware-D\.extapps\gps_nmea.fap
        CC      applications\external\wav_player\wav_player.c
        LINK    build\f7-firmware-D\.extapps\minesweeper_d.elf
        APPMETA build\f7-firmware-D\.extapps\tictactoe.fap
        FAP     build\f7-firmware-D\.extapps\tictactoe.fap
        APPMETA build\f7-firmware-D\.extapps\spi_mem_manager.fap
        FAP     build\f7-firmware-D\.extapps\spi_mem_manager.fap
        CC      applications\external\pocsag_pager\scenes\pocsag_pager_receiver.c
        CC      applications\external\pocsag_pager\scenes\pocsag_pager_scene.c
        LINK    build\f7-firmware-D\.extapps\barcode_generator_d.elf
        CC      applications\external\pocsag_pager\scenes\pocsag_pager_scene_about.c
        APPCHK  build\f7-firmware-D\.extapps\gps_nmea.fap
        APPCHK  build\f7-firmware-D\.extapps\tictactoe.fap
        APPMETA build\f7-firmware-D\.extapps\minesweeper.fap
        FAP     build\f7-firmware-D\.extapps\minesweeper.fap
        CC      applications\external\pocsag_pager\scenes\pocsag_pager_scene_receiver_config.c
        CC      applications\external\pocsag_pager\scenes\pocsag_pager_scene_receiver_info.c
        APPCHK  build\f7-firmware-D\.extapps\spi_mem_manager.fap
        CC      applications\external\pocsag_pager\scenes\pocsag_pager_scene_start.c
        APPMETA build\f7-firmware-D\.extapps\barcode_generator.fap
        FAP     build\f7-firmware-D\.extapps\barcode_generator.fap
        APPCHK  build\f7-firmware-D\.extapps\minesweeper.fap
        ICONS   build\f7-firmware-D\.extapps\pocsag_pager\pocsag_pager_icons.c
        CC      applications\external\pocsag_pager\pocsag_pager_app.c
        CC      applications\external\pocsag_pager\pocsag_pager_app_i.c
        CC      applications\external\pocsag_pager\pocsag_pager_history.c
        APPCHK  build\f7-firmware-D\.extapps\barcode_generator.fap
        CC      applications\external\protoview\protocols\tpms\citroen.c
        LINK    build\f7-firmware-D\.extapps\wav_player_d.elf
        CC      applications\external\protoview\protocols\tpms\ford.c
        CC      applications\external\protoview\protocols\tpms\renault.c
        CC      applications\external\protoview\protocols\tpms\schrader.c
        APPMETA build\f7-firmware-D\.extapps\wav_player.fap
        FAP     build\f7-firmware-D\.extapps\wav_player.fap
        CC      applications\external\protoview\protocols\tpms\schrader_eg53ma4.c
        CC      applications\external\protoview\protocols\tpms\toyota.c
        CC      applications\external\protoview\protocols\b4b1.c
        CC      build\f7-firmware-D\.extapps\pocsag_pager\pocsag_pager_icons.c
        CC      applications\external\pocsag_pager\views\pocsag_pager_receiver.c
        CC      applications\external\pocsag_pager\views\pocsag_pager_receiver_info.c
        CC      applications\external\protoview\protocols\keeloq.c
        APPCHK  build\f7-firmware-D\.extapps\wav_player.fap
        CC      applications\external\protoview\protocols\oregon2.c
        CC      applications\external\protoview\protocols\pvchat.c
        CC      applications\external\protoview\protocols\unknown.c
        CC      applications\external\protoview\app.c
        CC      applications\external\protoview\app_subghz.c
        CC      applications\external\protoview\crc.c
        CC      applications\external\protoview\fields.c
        CC      applications\external\protoview\raw_samples.c
        CC      applications\external\protoview\signal.c
        CC      applications\external\protoview\signal_file.c
        CC      applications\external\protoview\ui.c
        LINK    build\f7-firmware-D\.extapps\pocsag_pager_d.elf
        CC      applications\external\protoview\view_build.c
        CC      applications\external\protoview\view_direct_sampling.c
        CC      applications\external\protoview\view_info.c
        CC      applications\external\protoview\view_raw_signal.c
        APPMETA build\f7-firmware-D\.extapps\pocsag_pager.fap
        FAP     build\f7-firmware-D\.extapps\pocsag_pager.fap
        CC      applications\external\protoview\view_settings.c
        CC      applications\external\signal_generator\scenes\signal_gen_scene.c
        CC      applications\external\signal_generator\scenes\signal_gen_scene_mco.c
        CC      applications\external\signal_generator\scenes\signal_gen_scene_pwm.c
        CC      applications\external\signal_generator\scenes\signal_gen_scene_start.c
        APPCHK  build\f7-firmware-D\.extapps\pocsag_pager.fap
        ICONS   build\f7-firmware-D\.extapps\signal_generator\signal_generator_icons.c
        CC      applications\external\signal_generator\signal_gen_app.c
        CC      applications\external\subghz_remote_configurator\helpers\txrx\subghz_txrx.c
        CC      applications\external\subghz_remote_configurator\helpers\subrem_presets.c
        ICONS   build\f7-firmware-D\.extapps\subrem_configurator\subrem_configurator_icons.c
        LINK    build\f7-firmware-D\.extapps\protoview_d.elf
        CC      applications\external\weather_station\protocols\acurite_592txr.c
        CC      applications\external\weather_station\protocols\acurite_606tx.c
        CC      applications\external\weather_station\protocols\acurite_609txc.c
        CC      applications\external\weather_station\protocols\ambient_weather.c
        CC      applications\external\signal_generator\views\signal_gen_pwm.c
        CC      build\f7-firmware-D\.extapps\signal_generator\signal_generator_icons.c
        CC      applications\external\weather_station\protocols\auriol_hg0601a.c
	CC	applications\external\weather_station\protocols\gt_wt_02.c
        CC      applications\external\subghz_remote_configurator\views\remote.c
        CC      applications\external\subghz_remote_configurator\scenes\subrem_scene_edit_label.c
        CC      applications\external\subghz_remote_configurator\scenes\subrem_scene_open_map_file.c
        CC      applications\external\subghz_remote_configurator\scenes\subrem_scene_open_sub_file.c
        CC      applications\external\subghz_remote_configurator\scenes\subrem_scene.c
        CC      applications\external\subghz_remote_configurator\scenes\subrem_scene_enter_new_name.c
        CC      applications\external\subghz_remote_configurator\subghz_remote_app_i.c
        CC      applications\external\subghz_remote_configurator\scenes\subrem_scene_edit_submenu.c
        CC      applications\external\subghz_remote_configurator\scenes\subrem_scene_edit_preview.c
        CC      applications\external\subghz_remote_configurator\views\edit_menu.c
        LINK    build\f7-firmware-D\.extapps\signal_generator_d.elf
        CC      applications\external\subghz_remote_configurator\subghz_remote_app.c
        CC      applications\external\subghz_remote_configurator\scenes\subrem_scene_start.c
        CC      applications\external\subghz_remote_configurator\scenes\subrem_scene_edit_menu.c
        CC      build\f7-firmware-D\.extapps\subrem_configurator\subrem_configurator_icons.c
        APPMETA build\f7-firmware-D\.extapps\signal_generator.fap
        FAP     build\f7-firmware-D\.extapps\signal_generator.fap
        APPMETA build\f7-firmware-D\.extapps\protoview.fap
        FAP     build\f7-firmware-D\.extapps\protoview.fap
	CC	applications\external\weather_station\protocols\gt_wt_03.c
        CC      applications\external\weather_station\protocols\infactory.c
        APPCHK  build\f7-firmware-D\.extapps\signal_generator.fap
        CC      applications\external\weather_station\protocols\lacrosse_tx.c
        APPCHK  build\f7-firmware-D\.extapps\protoview.fap
        CC      applications\external\weather_station\protocols\lacrosse_tx141thbv2.c
        CC      applications\external\weather_station\protocols\nexus_th.c
        CC      applications\external\weather_station\protocols\oregon2.c
        CC      applications\external\weather_station\protocols\oregon3.c
        CC      applications\external\weather_station\protocols\oregon_v1.c
        CC      applications\external\weather_station\protocols\protocol_items.c
        CC      applications\external\weather_station\protocols\thermopro_tx4.c
        LINK    build\f7-firmware-D\.extapps\subrem_configurator_d.elf
        CC      applications\external\weather_station\protocols\tx_8300.c
        CC      applications\external\weather_station\protocols\wendox_w6726.c
        APPMETA build\f7-firmware-D\.extapps\subrem_configurator.fap
        FAP     build\f7-firmware-D\.extapps\subrem_configurator.fap
        CC      applications\external\weather_station\protocols\ws_generic.c
        CC      applications\external\weather_station\scenes\weather_station_receiver.c
        CC      applications\external\weather_station\scenes\weather_station_scene.c
        APPCHK  build\f7-firmware-D\.extapps\subrem_configurator.fap
        CC      applications\external\weather_station\scenes\weather_station_scene_about.c
        CC      applications\external\weather_station\scenes\weather_station_scene_receiver_config.c
        CC      applications\external\weather_station\scenes\weather_station_scene_receiver_info.c
        CC      applications\external\weather_station\scenes\weather_station_scene_start.c
        ICONS   build\f7-firmware-D\.extapps\weather_station\weather_station_icons.c
        CC      applications\external\weather_station\weather_station_app.c
        CC      applications\external\weather_station\weather_station_app_i.c
        CC      applications\external\weather_station\weather_station_history.c
        ICONS   build\f7-firmware-D\.extapps\nrf24_mouse_jacker\nrf24_mouse_jacker_icons.c
        CC      applications\external\mousejacker\mousejacker_ducky.c
        CC      applications\external\mousejacker\lib\nrf24\nrf24.c
        ICONS   build\f7-firmware-D\.extapps\bad_bt\bad_bt_icons.c
        CC      applications\external\bad_bt\helpers\ducky_script_commands.c
        CC      applications\external\weather_station\views\weather_station_receiver.c
        CC      applications\external\weather_station\views\weather_station_receiver_info.c
        CC      build\f7-firmware-D\.extapps\weather_station\weather_station_icons.c
        CC      applications\external\bad_bt\helpers\ducky_script_keycodes.c
        CC      applications\external\bad_bt\scenes\bad_bt_scene.c
        CC      applications\external\nrfsniff\nrfsniff.c
        CC      build\f7-firmware-D\.extapps\nrf24_mouse_jacker\nrf24_mouse_jacker_icons.c
        CC      applications\external\mousejacker\mousejacker.c
        CC      applications\external\nrfsniff\lib\nrf24\nrf24.c
        CC      applications\external\doom\compiled\assets_icons.c
        CC      applications\external\bad_bt\scenes\bad_bt_scene_config_layout.c
        CC      applications\external\bad_bt\scenes\bad_bt_scene_config.c
        CC      applications\external\bad_bt\scenes\bad_bt_scene_error.c
        AR      build\f7-firmware-D\.extapps\nrf24_mouse_jacker\libnrf24.a
        CC      applications\external\bad_bt\bad_bt_app.c
        CC      applications\external\bad_bt\scenes\bad_bt_scene_file_select.c
        CC      applications\external\bad_bt\scenes\bad_bt_scene_work.c
        CC      applications\external\bad_bt\scenes\bad_bt_scene_config_name.c
        CC      applications\external\bad_bt\helpers\ducky_script.c
        LINK    build\f7-firmware-D\.extapps\weather_station_d.elf
        CC      applications\external\bad_bt\views\bad_bt_view.c
        LINK    build\f7-firmware-D\.extapps\nrf24_mouse_jacker_d.elf
        CC      applications\external\bad_bt\scenes\bad_bt_scene_config_mac.c
        AR      build\f7-firmware-D\.extapps\nrf24_sniffer\libnrf24.a
        CC      build\f7-firmware-D\.extapps\bad_bt\bad_bt_icons.c
        LINK    build\f7-firmware-D\.extapps\nrf24_sniffer_d.elf
        CC      applications\external\doom\doom.c
        APPMETA build\f7-firmware-D\.extapps\nrf24_sniffer.fap
        FAP     build\f7-firmware-D\.extapps\nrf24_sniffer.fap
        APPMETA build\f7-firmware-D\.extapps\weather_station.fap
        FAP     build\f7-firmware-D\.extapps\weather_station.fap
        APPMETA build\f7-firmware-D\.extapps\nrf24_mouse_jacker.fap
        FAP     build\f7-firmware-D\.extapps\nrf24_mouse_jacker.fap
        CC      applications\external\doom\doom_music_player_worker.c
        CC      applications\external\doom\entities.c
        CC      applications\external\doom\types.c
        CC      applications\external\sentry_safe\sentry_safe.c
        ICONS   build\f7-firmware-D\.extapps\bomberduck\bomberduck_icons.c
        LINK    build\f7-firmware-D\.extapps\bad_bt_d.elf
        APPCHK  build\f7-firmware-D\.extapps\weather_station.fap
        APPCHK  build\f7-firmware-D\.extapps\nrf24_mouse_jacker.fap
        APPCHK  build\f7-firmware-D\.extapps\nrf24_sniffer.fap
        CC      applications\external\game_2048\array_utils.c
        CC      applications\external\game_2048\game_2048.c
        CC      applications\external\lightmeter\gui\scenes\config\lightmeter_scene.c
        ICONS   build\f7-firmware-D\.extapps\lightmeter\lightmeter_icons.c
        LINK    build\f7-firmware-D\.extapps\gpio_sentry_safe_d.elf
        CC      build\f7-firmware-D\.extapps\bomberduck\bomberduck_icons.c
        CC      applications\external\bomberduck\bomberduck.c
        APPMETA build\f7-firmware-D\.extapps\bad_bt.fap
        FAP     build\f7-firmware-D\.extapps\bad_bt.fap
        CC      applications\external\lightmeter\lightmeter_helper.c
        CC      applications\external\lightmeter\lib\BH1750\BH1750.c
        CC      applications\external\uart_terminal\scenes\uart_terminal_scene.c
        CC      applications\external\uart_terminal\scenes\uart_terminal_scene_console_output.c
        CC      applications\external\uart_terminal\scenes\uart_terminal_scene_start.c
        CC      build\f7-firmware-D\.extapps\lightmeter\lightmeter_icons.c
        CC      applications\external\lightmeter\lightmeter.c
        CC      applications\external\lightmeter\gui\views\main_view.c
        CC      applications\external\lightmeter\gui\scenes\lightmeter_scene_main.c
        CC      applications\external\lightmeter\gui\scenes\lightmeter_scene_help.c
        CC      applications\external\lightmeter\gui\scenes\lightmeter_scene_config.c
        CC      applications\external\lightmeter\gui\scenes\lightmeter_scene_about.c
        LINK    build\f7-firmware-D\.extapps\game_2048_d.elf
        APPMETA build\f7-firmware-D\.extapps\gpio_sentry_safe.fap
        FAP     build\f7-firmware-D\.extapps\gpio_sentry_safe.fap
        APPMETA build\f7-firmware-D\.extapps\game_2048.fap
        FAP     build\f7-firmware-D\.extapps\game_2048.fap
        APPCHK  build\f7-firmware-D\.extapps\gpio_sentry_safe.fap
        LINK    build\f7-firmware-D\.extapps\bomberduck_d.elf
        AR      build\f7-firmware-D\.extapps\lightmeter\libBH1750.a
        APPCHK  build\f7-firmware-D\.extapps\game_2048.fap
        LINK    build\f7-firmware-D\.extapps\doom_d.elf
        APPCHK  build\f7-firmware-D\.extapps\bad_bt.fap
        CC      applications\external\uart_terminal\scenes\uart_terminal_scene_text_input.c
        CC      applications\external\uart_terminal\uart_terminal_app.c
        APPMETA build\f7-firmware-D\.extapps\bomberduck.fap
        FAP     build\f7-firmware-D\.extapps\bomberduck.fap
        CC      applications\external\uart_terminal\uart_terminal_uart.c
        ICONS   build\f7-firmware-D\.extapps\uart_terminal\uart_terminal_icons.c
        LINK    build\f7-firmware-D\.extapps\lightmeter_d.elf
        APPMETA build\f7-firmware-D\.extapps\doom.fap
        FAP     build\f7-firmware-D\.extapps\doom.fap
        CC      applications\external\uart_terminal\uart_validators.c
        APPCHK  build\f7-firmware-D\.extapps\bomberduck.fap
        CC      applications\external\wifi_marauder_companion\file\sequential_file.c
        CC      applications\external\wifi_marauder_companion\scenes\wifi_marauder_scene.c
        ICONS   build\f7-firmware-D\.extapps\esp32_wifi_marauder\esp32_wifi_marauder_icons.c
        CC      applications\external\wifi_marauder_companion\script\menu\wifi_marauder_script_stage_menu.c
        CC      applications\external\uart_terminal\uart_text_input.c
        CC      build\f7-firmware-D\.extapps\uart_terminal\uart_terminal_icons.c
        APPMETA build\f7-firmware-D\.extapps\lightmeter.fap
        FAP     build\f7-firmware-D\.extapps\lightmeter.fap
        APPCHK  build\f7-firmware-D\.extapps\doom.fap
        CC      applications\external\wifi_marauder_companion\script\cJSON.c
        APPCHK  build\f7-firmware-D\.extapps\lightmeter.fap
        CC      applications\external\wifi_marauder_companion\wifi_marauder_validators.c
        CC      applications\external\esp8266_deauth\esp8266_deauth.c
        ICONS   build\f7-firmware-D\.extapps\flappy_bird\flappy_bird_icons.c
        CC      applications\external\unitemp\interfaces\I2CSensor.c
        CC      applications\external\unitemp\interfaces\OneWireSensor.c
        CC      applications\external\unitemp\interfaces\SPISensor.c
        CC      applications\external\unitemp\interfaces\SingleWireSensor.c
        LINK    build\f7-firmware-D\.extapps\uart_terminal_d.elf
        CC      build\f7-firmware-D\.extapps\esp32_wifi_marauder\esp32_wifi_marauder_icons.c
        CC      applications\external\wifi_marauder_companion\scenes\wifi_marauder_scene_script_settings.c
        CC      applications\external\wifi_marauder_companion\scenes\wifi_marauder_scene_start.c
        CC      applications\external\wifi_marauder_companion\script\wifi_marauder_script_worker.c
        CC      build\f7-firmware-D\.extapps\flappy_bird\flappy_bird_icons.c
        CC      applications\external\flappy_bird\flappy_bird.c
        CC      applications\external\wifi_marauder_companion\scenes\wifi_marauder_scene_sniffpmkid_options.c
        LINK    build\f7-firmware-D\.extapps\esp8266_deauther_d.elf
        APPMETA build\f7-firmware-D\.extapps\uart_terminal.fap
        FAP     build\f7-firmware-D\.extapps\uart_terminal.fap
        CC      applications\external\wifi_marauder_companion\script\menu\wifi_marauder_script_stage_menu_probe.c
        APPMETA build\f7-firmware-D\.extapps\esp8266_deauther.fap
        FAP     build\f7-firmware-D\.extapps\esp8266_deauther.fap
        APPCHK  build\f7-firmware-D\.extapps\uart_terminal.fap
        CC      applications\external\wifi_marauder_companion\script\menu\wifi_marauder_script_stage_menu_beaconap.c
        CC      applications\external\wifi_marauder_companion\script\menu\wifi_marauder_script_stage_menu_delay.c
        CC      applications\external\wifi_marauder_companion\scenes\wifi_marauder_scene_script_edit_list.c
        APPCHK  build\f7-firmware-D\.extapps\esp8266_deauther.fap
        CC      applications\external\wifi_marauder_companion\wifi_marauder_text_input.c
        CC      applications\external\wifi_marauder_companion\scenes\wifi_marauder_scene_script_confirm_delete.c
        CC      applications\external\wifi_marauder_companion\scenes\wifi_marauder_scene_script_edit.c
        CC      applications\external\wifi_marauder_companion\script\menu\wifi_marauder_script_stage_menu_sniffpwn.c
        CC      applications\external\wifi_marauder_companion\scenes\wifi_marauder_scene_script_select.c
        CC      applications\external\wifi_marauder_companion\script\wifi_marauder_script_executor.c
        LINK    build\f7-firmware-D\.extapps\flappy_bird_d.elf
        CC      applications\external\wifi_marauder_companion\script\menu\wifi_marauder_script_stage_menu_sniffpmkid.c
        CC      applications\external\wifi_marauder_companion\scenes\wifi_marauder_scene_settings_init.c
        APPMETA build\f7-firmware-D\.extapps\flappy_bird.fap
        FAP     build\f7-firmware-D\.extapps\flappy_bird.fap
        CC      applications\external\wifi_marauder_companion\scenes\wifi_marauder_scene_text_input.c
        CC      applications\external\wifi_marauder_companion\script\wifi_marauder_script.c
        CC      applications\external\wifi_marauder_companion\script\menu\wifi_marauder_script_stage_menu_select.c
        APPCHK  build\f7-firmware-D\.extapps\flappy_bird.fap
        CC      applications\external\wifi_marauder_companion\script\menu\wifi_marauder_script_stage_menu_scan.c
        CC      applications\external\wifi_marauder_companion\scenes\wifi_marauder_scene_log_viewer.c
        CC      applications\external\wifi_marauder_companion\script\menu\wifi_marauder_script_stage_menu_deauth.c
        CC      applications\external\wifi_marauder_companion\scenes\wifi_marauder_scene_script_stage_edit.c
        CC      applications\external\wifi_marauder_companion\scenes\wifi_marauder_scene_script_stage_add.c
        CC      applications\external\wifi_marauder_companion\wifi_marauder_pcap.c
        CC      applications\external\wifi_marauder_companion\scenes\wifi_marauder_scene_user_input.c
        CC      applications\external\wifi_marauder_companion\wifi_marauder_app.c
        CC      applications\external\wifi_marauder_companion\script\menu\wifi_marauder_script_stage_menu_exec.c
        CC      applications\external\wifi_marauder_companion\script\menu\wifi_marauder_script_stage_menu_sniffbeacon.c
        CC      applications\external\wifi_marauder_companion\scenes\wifi_marauder_scene_console_output.c
        CC      applications\external\wifi_marauder_companion\script\menu\wifi_marauder_script_stage_menu_beaconlist.c
        CC      applications\external\wifi_marauder_companion\script\menu\wifi_marauder_script_stage_menu_sniffraw.c
        CC      applications\external\wifi_marauder_companion\scenes\wifi_marauder_scene_script_options.c
        CC      applications\external\wifi_marauder_companion\script\menu\wifi_marauder_script_stage_menu_sniffesp.c
        CC      applications\external\wifi_marauder_companion\wifi_marauder_uart.c
        CC      applications\external\wifi_marauder_companion\script\menu\wifi_marauder_script_stage_menu_sniffdeauth.c
        CC      applications\external\unitemp\sensors\AM2320.c
        CC      applications\external\unitemp\sensors\BME680.c
        CC      applications\external\unitemp\sensors\BMP180.c
        CC      applications\external\unitemp\sensors\BMx280.c
        CC      applications\external\unitemp\sensors\DHT20.c
        CC      applications\external\unitemp\sensors\HDC1080.c
        CC      applications\external\unitemp\sensors\HTU21x.c
        CC      applications\external\unitemp\sensors\LM75.c
        CC      applications\external\unitemp\sensors\MAX31855.c
        CC      applications\external\unitemp\sensors\MAX6675.c
        CC      applications\external\unitemp\sensors\SCD30.c
        CC      applications\external\unitemp\sensors\SCD40.c
        CC      applications\external\unitemp\sensors\SHT30.c
        ICONS   build\f7-firmware-D\.extapps\unitemp\unitemp_icons.c
        LINK    build\f7-firmware-D\.extapps\esp32_wifi_marauder_d.elf
        CC      applications\external\unitemp\views\MainMenu_view.c
        CC      applications\external\unitemp\views\Popup_view.c
        CC      applications\external\unitemp\views\SensorActions_view.c
        CC      applications\external\unitemp\views\SensorEdit_view.c
        CC      applications\external\unitemp\views\SensorNameEdit_view.c
        CC      applications\external\unitemp\views\SensorsList_view.c
        CC      applications\external\unitemp\views\Settings_view.c
        CC      applications\external\unitemp\Sensors.c
        CC      applications\external\unitemp\unitemp.c
        CC      applications\external\wifi_scanner\wifi_scanner.c
        CC      applications\external\unitemp\views\Widgets_view.c
        CC      applications\external\unitemp\views\General_view.c
        CC      build\f7-firmware-D\.extapps\unitemp\unitemp_icons.c
        APPMETA build\f7-firmware-D\.extapps\esp32_wifi_marauder.fap
        FAP     build\f7-firmware-D\.extapps\esp32_wifi_marauder.fap
        ICONS   build\f7-firmware-D\.extapps\i2c_tools\i2c_tools_icons.c
        CC      applications\external\flipper_i2ctools\i2cscanner.c
        CC      applications\external\flipper_i2ctools\i2csender.c
        APPCHK  build\f7-firmware-D\.extapps\esp32_wifi_marauder.fap
        CC      applications\external\flipper_i2ctools\i2csniffer.c
        CC      applications\external\zombiez\zombiez.c
        CC      applications\debug\example_custom_font\example_custom_font.c
        CC      build\f7-firmware-D\.extapps\i2c_tools\i2c_tools_icons.c
        CC      applications\external\flipper_i2ctools\views\sniffer_view.c
        CC      applications\external\flipper_i2ctools\views\sender_view.c
        CC      applications\external\flipper_i2ctools\i2ctools.c
        CC      applications\external\flipper_i2ctools\views\scanner_view.c
        CC      applications\external\flipper_i2ctools\views\main_view.c
        LINK    build\f7-firmware-D\.extapps\unitemp_d.elf
        LINK    build\f7-firmware-D\.extapps\wifi_scanner_d.elf
        CC      applications\debug\blink_test\blink_test.c
        LINK    build\f7-firmware-D\.extapps\example_custom_font_d.elf
        APPMETA build\f7-firmware-D\.extapps\wifi_scanner.fap
        FAP     build\f7-firmware-D\.extapps\wifi_scanner.fap
        APPMETA build\f7-firmware-D\.extapps\unitemp.fap
        FAP     build\f7-firmware-D\.extapps\unitemp.fap
        LINK    build\f7-firmware-D\.extapps\zombiez_d.elf
        CC      applications\debug\rpc_debug_app\scenes\rpc_debug_app_scene.c
        CC      applications\debug\rpc_debug_app\scenes\rpc_debug_app_scene_input_data_exchange.c
        APPMETA build\f7-firmware-D\.extapps\zombiez.fap
        FAP     build\f7-firmware-D\.extapps\zombiez.fap
        APPMETA build\f7-firmware-D\.extapps\example_custom_font.fap
        FAP     build\f7-firmware-D\.extapps\example_custom_font.fap
        LINK    build\f7-firmware-D\.extapps\i2c_tools_d.elf
        CC      applications\debug\rpc_debug_app\scenes\rpc_debug_app_scene_input_error_code.c
        CC      applications\debug\rpc_debug_app\scenes\rpc_debug_app_scene_input_error_text.c
        APPCHK  build\f7-firmware-D\.extapps\unitemp.fap
        APPCHK  build\f7-firmware-D\.extapps\wifi_scanner.fap
        CC      applications\debug\rpc_debug_app\scenes\rpc_debug_app_scene_receive_data_exchange.c
        CC      applications\debug\rpc_debug_app\scenes\rpc_debug_app_scene_start.c
        CC      applications\debug\rpc_debug_app\scenes\rpc_debug_app_scene_start_dummy.c
        CC      applications\debug\rpc_debug_app\scenes\rpc_debug_app_scene_test_app_error.c
        CC      applications\debug\rpc_debug_app\scenes\rpc_debug_app_scene_test_data_exchange.c
        APPCHK  build\f7-firmware-D\.extapps\example_custom_font.fap
        APPCHK  build\f7-firmware-D\.extapps\zombiez.fap
        APPMETA build\f7-firmware-D\.extapps\i2c_tools.fap
        FAP     build\f7-firmware-D\.extapps\i2c_tools.fap
        LINK    build\f7-firmware-D\.extapps\blink_test_d.elf
        CC      applications\debug\rpc_debug_app\rpc_debug_app.c
        CC      applications\debug\vibro_test\vibro_test.c
        APPCHK  build\f7-firmware-D\.extapps\i2c_tools.fap
        CC      applications\debug\keypad_test\keypad_test.c
        APPMETA build\f7-firmware-D\.extapps\blink_test.fap
        FAP     build\f7-firmware-D\.extapps\blink_test.fap
        CPP     applications\debug\accessor\helpers\wiegand.cpp
        CPP     applications\debug\accessor\scene\accessor_scene_start.cpp
        APPCHK  build\f7-firmware-D\.extapps\blink_test.fap
        CPP     applications\debug\accessor\accessor.cpp
        CPP     applications\debug\accessor\accessor_app.cpp
        CPP     applications\debug\accessor\accessor_view_manager.cpp
        CC      applications\debug\usb_test\usb_test.c
        CC      applications\debug\usb_mouse\usb_mouse.c
        CC      applications\debug\direct_draw\direct_draw.c
        LINK    build\f7-firmware-D\.extapps\keypad_test_d.elf
        LINK    build\f7-firmware-D\.extapps\vibro_test_d.elf
        LINK    build\f7-firmware-D\.extapps\rpc_debug_d.elf
        CC      applications\debug\locale_test\locale_test.c
        APPMETA build\f7-firmware-D\.extapps\keypad_test.fap
        FAP     build\f7-firmware-D\.extapps\keypad_test.fap
        APPMETA build\f7-firmware-D\.extapps\vibro_test.fap
        FAP     build\f7-firmware-D\.extapps\vibro_test.fap
        APPMETA build\f7-firmware-D\.extapps\rpc_debug.fap
        FAP     build\f7-firmware-D\.extapps\rpc_debug.fap
        APPCHK  build\f7-firmware-D\.extapps\keypad_test.fap
        APPCHK  build\f7-firmware-D\.extapps\vibro_test.fap
        LINK    build\f7-firmware-D\.extapps\usb_test_d.elf
        APPCHK  build\f7-firmware-D\.extapps\rpc_debug.fap
        CC      applications\debug\uart_echo\uart_echo.c
        CC      applications\debug\lfrfid_debug\scenes\lfrfid_debug_app_scene_start.c
        LINK    build\f7-firmware-D\.extapps\locale_test_d.elf
        APPMETA build\f7-firmware-D\.extapps\usb_test.fap
        FAP     build\f7-firmware-D\.extapps\usb_test.fap
        LINK    build\f7-firmware-D\.extapps\direct_draw_d.elf
        LINK    build\f7-firmware-D\.extapps\usb_mouse_d.elf
        CC      applications\debug\lfrfid_debug\scenes\lfrfid_debug_app_scene_tune.c
        CC      applications\debug\lfrfid_debug\scenes\lfrfid_debug_scene.c
        CC      applications\debug\lfrfid_debug\views\lfrfid_debug_view_tune.c
        CC      applications\debug\lfrfid_debug\lfrfid_debug.c
        APPCHK  build\f7-firmware-D\.extapps\usb_test.fap
        CC      applications\debug\bt_debug_app\views\bt_carrier_test.c
        APPMETA build\f7-firmware-D\.extapps\direct_draw.fap
        FAP     build\f7-firmware-D\.extapps\direct_draw.fap
        APPMETA build\f7-firmware-D\.extapps\usb_mouse.fap
        FAP     build\f7-firmware-D\.extapps\usb_mouse.fap
        APPMETA build\f7-firmware-D\.extapps\locale_test.fap
        FAP     build\f7-firmware-D\.extapps\locale_test.fap
        CC      applications\debug\bt_debug_app\views\bt_packet_test.c
        CC      applications\debug\bt_debug_app\views\bt_test.c
        LINK    build\f7-firmware-D\.extapps\uart_echo_d.elf
        LINK    build\f7-firmware-D\.extapps\accessor_d.elf
        APPCHK  build\f7-firmware-D\.extapps\usb_mouse.fap
        APPCHK  build\f7-firmware-D\.extapps\locale_test.fap
        APPCHK  build\f7-firmware-D\.extapps\direct_draw.fap
        CC      applications\debug\bt_debug_app\bt_debug_app.c
        CC      applications\debug\display_test\display_test.c
        LINK    build\f7-firmware-D\.extapps\lfrfid_debug_d.elf
        APPMETA build\f7-firmware-D\.extapps\accessor.fap
        FAP     build\f7-firmware-D\.extapps\accessor.fap
        APPMETA build\f7-firmware-D\.extapps\uart_echo.fap
        FAP     build\f7-firmware-D\.extapps\uart_echo.fap
        CC      applications\debug\display_test\view_display_test.c
        CC      applications\debug\battery_test_app\views\battery_info.c
        CC      applications\debug\battery_test_app\battery_test_app.c
        CC      applications\debug\text_box_test\text_box_test.c
        APPMETA build\f7-firmware-D\.extapps\lfrfid_debug.fap
        FAP     build\f7-firmware-D\.extapps\lfrfid_debug.fap
        LINK    build\f7-firmware-D\.extapps\bt_debug_d.elf
        CC      applications\debug\file_browser_test\scenes\file_browser_scene.c
        APPCHK  build\f7-firmware-D\.extapps\accessor.fap
        APPCHK  build\f7-firmware-D\.extapps\uart_echo.fap
        CC      applications\debug\file_browser_test\scenes\file_browser_scene_browser.c
        CC      applications\debug\file_browser_test\scenes\file_browser_scene_result.c
        CC      applications\debug\file_browser_test\scenes\file_browser_scene_start.c
        APPMETA build\f7-firmware-D\.extapps\bt_debug.fap
        FAP     build\f7-firmware-D\.extapps\bt_debug.fap
        LINK    build\f7-firmware-D\.extapps\display_test_d.elf
        ICONS   build\f7-firmware-D\.extapps\file_browser_test\file_browser_test_icons.c
        APPCHK  build\f7-firmware-D\.extapps\lfrfid_debug.fap
        LINK    build\f7-firmware-D\.extapps\battery_test_d.elf
        APPCHK  build\f7-firmware-D\.extapps\bt_debug.fap
        LINK    build\f7-firmware-D\.extapps\text_box_test_d.elf
        APPMETA build\f7-firmware-D\.extapps\display_test.fap
        FAP     build\f7-firmware-D\.extapps\display_test.fap
        APPMETA build\f7-firmware-D\.extapps\battery_test.fap
        FAP     build\f7-firmware-D\.extapps\battery_test.fap
        APPCHK  build\f7-firmware-D\.extapps\display_test.fap
        APPMETA build\f7-firmware-D\.extapps\text_box_test.fap
        APPCHK  build\f7-firmware-D\.extapps\battery_test.fap
        FAP     build\f7-firmware-D\.extapps\text_box_test.fap
        CC      build\f7-firmware-D\.extapps\file_browser_test\file_browser_test_icons.c
        CC      applications\debug\file_browser_test\file_browser_app.c
        APPCHK  build\f7-firmware-D\.extapps\text_box_test.fap
        LINK    build\f7-firmware-D\.extapps\file_browser_test_d.elf
        APPMETA build\f7-firmware-D\.extapps\file_browser_test.fap
        FAP     build\f7-firmware-D\.extapps\file_browser_test.fap
        APPCHK  build\f7-firmware-D\.extapps\file_browser_test.fap
        INSTALL dist\f7-D\apps\Examples\example_thermo.fap
        INSTALL dist\f7-D\apps\Games\snake.fap
        INSTALL dist\f7-D\apps\Misc\hid_usb.fap
        INSTALL dist\f7-D\debug_elf\picopass_d.elf
        INSTALL dist\f7-D\apps_data\example_plugins\plugins\example_plugin1.fal
        INSTALL dist\f7-D\debug_elf\example_images_d.elf
        INSTALL dist\f7-D\debug_elf\game_2048_d.elf
        INSTALL dist\f7-D\debug_elf\advanced_plugin2_d.elf
        INSTALL dist\f7-D\apps\Debug\display_test.fap
        INSTALL dist\f7-D\apps\Games\flappy_bird.fap
        INSTALL dist\f7-D\apps\Examples\example_plugins_multi.fap
        INSTALL dist\f7-D\apps\Examples\example_images.fap
        INSTALL dist\f7-D\apps_data\example_advanced_plugins\plugins\advanced_plugin1.fal
        INSTALL dist\f7-D\debug_elf\pocsag_pager_d.elf
        INSTALL dist\f7-D\debug_elf\swd_probe_d.elf
        INSTALL dist\f7-D\apps\Debug\example_custom_font.fap
        INSTALL dist\f7-D\apps\Examples\my_first_app.fap
        INSTALL dist\f7-D\apps\GPIO\dap_link.fap
        INSTALL dist\f7-D\apps_data\example_advanced_plugins\plugins\advanced_plugin2.fal
        INSTALL dist\f7-D\debug_elf\nfc_magic_d.elf
        INSTALL dist\f7-D\debug_elf\uart_echo_d.elf
        INSTALL dist\f7-D\debug_elf\flappy_bird_d.elf
        INSTALL dist\f7-D\debug_elf\example_thermo_d.elf
        INSTALL dist\f7-D\apps\Debug\uart_echo.fap
        INSTALL dist\f7-D\apps\GPIO\esp8266_deauther.fap
        INSTALL dist\f7-D\apps\Tools\fuzzer_rfid.fap
        INSTALL dist\f7-D\apps\Tools\fuzzer_ibtn.fap
        INSTALL dist\f7-D\apps_data\example_plugins_multi\plugins\example_plugin1.fal
        INSTALL dist\f7-D\debug_elf\doom_d.elf
        INSTALL dist\f7-D\debug_elf\heap_defence_d.elf
        INSTALL dist\f7-D\apps\Sub-GHz\spectrum_analyzer.fap
        INSTALL dist\f7-D\apps\Examples\example_advanced_plugins.fap
        INSTALL dist\f7-D\debug_elf\mifare_nested_d.elf
        INSTALL dist\f7-D\debug_elf\usb_mouse_d.elf
        INSTALL dist\f7-D\debug_elf\example_apps_assets_d.elf
        INSTALL dist\f7-D\debug_elf\accessor_d.elf
        INSTALL dist\f7-D\apps\GPIO\esp32_wifi_marauder.fap
        INSTALL dist\f7-D\apps\Misc\barcode_generator.fap
        INSTALL dist\f7-D\apps\Media\music_player.fap
        INSTALL dist\f7-D\debug_elf\weather_station_d.elf
        INSTALL dist\f7-D\debug_elf\spectrum_analyzer_d.elf
        INSTALL dist\f7-D\apps\Games\zombiez.fap
        INSTALL dist\f7-D\apps\Debug\accessor.fap
        INSTALL dist\f7-D\debug_elf\i2c_tools_d.elf
        INSTALL dist\f7-D\debug_elf\bad_bt_d.elf
        INSTALL dist\f7-D\debug_elf\blackjack_d.elf
        INSTALL dist\f7-D\apps\Debug\text_box_test.fap
        INSTALL dist\f7-D\apps\Games\heap_defence.fap
        INSTALL dist\f7-D\apps\GPIO\uart_terminal.fap
        INSTALL dist\f7-D\apps\GPIO\spi_mem_manager.fap
        INSTALL dist\f7-D\apps\GPIO\lightmeter.fap
        INSTALL dist\f7-D\debug_elf\lfrfid_debug_d.elf
        INSTALL dist\f7-D\debug_elf\wav_player_d.elf
        INSTALL dist\f7-D\debug_elf\mfkey32_d.elf
        INSTALL dist\f7-D\apps\Games\doom.fap
        INSTALL dist\f7-D\apps\GPIO\unitemp.fap
        INSTALL dist\f7-D\debug_elf\totp_d.elf
        INSTALL dist\f7-D\debug_elf\bomberduck_d.elf
        INSTALL dist\f7-D\apps\NFC\picopass.fap
        INSTALL dist\f7-D\debug_elf\gpio_sentry_safe_d.elf
        INSTALL dist\f7-D\debug_elf\text_viewer_d.elf
        INSTALL dist\f7-D\apps\Debug\keypad_test.fap
        INSTALL dist\f7-D\apps\Games\game_2048.fap
        INSTALL dist\f7-D\apps\GPIO\swd_probe.fap
        INSTALL dist\f7-D\debug_elf\example_plugins_d.elf
        INSTALL dist\f7-D\debug_elf\bt_debug_d.elf
        INSTALL dist\f7-D\apps\Debug\bt_debug.fap
        INSTALL dist\f7-D\apps\GPIO\nrf24_mouse_jacker.fap
        INSTALL dist\f7-D\apps\NFC\mifare_nested.fap
        INSTALL dist\f7-D\debug_elf\solitaire_d.elf
        INSTALL dist\f7-D\debug_elf\tetris_d.elf
        INSTALL dist\f7-D\apps\Debug\rpc_debug.fap
        INSTALL dist\f7-D\debug_elf\vibro_test_d.elf
        INSTALL dist\f7-D\debug_elf\esp32_wifi_marauder_d.elf
        INSTALL dist\f7-D\apps\Games\bomberduck.fap
        INSTALL dist\f7-D\apps\GPIO\gpio_sentry_safe.fap
        INSTALL dist\f7-D\debug_elf\zombiez_d.elf
        INSTALL dist\f7-D\apps\NFC\nfc_magic.fap
        INSTALL dist\f7-D\debug_elf\music_player_d.elf
        INSTALL dist\f7-D\apps\Misc\totp.fap
        INSTALL dist\f7-D\debug_elf\morse_code_d.elf
        INSTALL dist\f7-D\apps\Sub-GHz\weather_station.fap
        INSTALL dist\f7-D\debug_elf\example_apps_data_d.elf
        INSTALL dist\f7-D\debug_elf\direct_draw_d.elf
        INSTALL dist\f7-D\debug_elf\file_browser_test_d.elf
        INSTALL dist\f7-D\apps_data\example_plugins_multi\plugins\example_plugin2.fal
        INSTALL dist\f7-D\debug_elf\metronome_d.elf
        INSTALL dist\f7-D\apps\Debug\usb_mouse.fap
        INSTALL dist\f7-D\apps\Games\minesweeper.fap
        INSTALL dist\f7-D\apps\Sub-GHz\subrem_configurator.fap
        INSTALL dist\f7-D\apps\Tools\bad_bt.fap
        INSTALL dist\f7-D\debug_elf\fuzzer_rfid_d.elf
        INSTALL dist\f7-D\debug_elf\locale_test_d.elf
        INSTALL dist\f7-D\debug_elf\esp8266_deauther_d.elf
        INSTALL dist\f7-D\debug_elf\advanced_plugin1_d.elf
        INSTALL dist\f7-D\apps\Debug\vibro_test.fap
        INSTALL dist\f7-D\apps\Sub-GHz\pocsag_pager.fap
        INSTALL dist\f7-D\apps\Games\blackjack.fap
        INSTALL dist\f7-D\debug_elf\hex_viewer_d.elf
        INSTALL dist\f7-D\debug_elf\tictactoe_d.elf
        INSTALL dist\f7-D\debug_elf\hc_sr04_d.elf
        INSTALL dist\f7-D\apps\Debug\battery_test.fap
        INSTALL dist\f7-D\apps\GPIO\signal_generator.fap
        INSTALL dist\f7-D\apps\GPIO\nrf24_sniffer.fap
        INSTALL dist\f7-D\apps\Sub-GHz\protoview.fap
        INSTALL dist\f7-D\debug_elf\usb_test_d.elf
        INSTALL dist\f7-D\apps\Debug\file_browser_test.fap
        INSTALL dist\f7-D\apps\Debug\direct_draw.fap
        INSTALL dist\f7-D\apps\Media\metronome.fap
        INSTALL dist\f7-D\apps\Games\arkanoid.fap
        INSTALL dist\f7-D\debug_elf\gps_nmea_d.elf
        INSTALL dist\f7-D\debug_elf\avr_isp_d.elf
        INSTALL dist\f7-D\debug_elf\text_box_test_d.elf
        INSTALL dist\f7-D\apps\Games\solitaire.fap
        INSTALL dist\f7-D\debug_elf\dap_link_d.elf
        INSTALL dist\f7-D\debug_elf\uart_terminal_d.elf
        INSTALL dist\f7-D\debug_elf\wifi_scanner_d.elf
        INSTALL dist\f7-D\debug_elf\fuzzer_ibtn_d.elf
        INSTALL dist\f7-D\apps\Examples\example_apps_data.fap
        INSTALL dist\f7-D\apps\GPIO\hc_sr04.fap
        INSTALL dist\f7-D\apps\GPIO\i2c_tools.fap
        INSTALL dist\f7-D\apps\Sub-GHz\subghz_playlist.fap
        INSTALL dist\f7-D\apps\Games\tetris.fap
        INSTALL dist\f7-D\debug_elf\subghz_bruteforcer_d.elf
        INSTALL dist\f7-D\debug_elf\rpc_debug_d.elf
        INSTALL dist\f7-D\apps\Misc\text_viewer.fap
        INSTALL dist\f7-D\apps\Tools\ir_scope.fap
        INSTALL dist\f7-D\debug_elf\protoview_d.elf
        INSTALL dist\f7-D\debug_elf\subghz_playlist_d.elf
        INSTALL dist\f7-D\debug_elf\subrem_configurator_d.elf
        INSTALL dist\f7-D\apps\Misc\multi_converter.fap
        INSTALL dist\f7-D\apps\GPIO\wifi_scanner.fap
        INSTALL dist\f7-D\apps\Sub-GHz\subghz_bruteforcer.fap
        INSTALL dist\f7-D\debug_elf\battery_test_d.elf
        INSTALL dist\f7-D\debug_elf\blink_test_d.elf
        INSTALL dist\f7-D\debug_elf\my_first_app_d.elf
        INSTALL dist\f7-D\apps\Debug\blink_test.fap
        INSTALL dist\f7-D\apps\Games\game15.fap
        INSTALL dist\f7-D\apps\Media\wav_player.fap
        INSTALL dist\f7-D\debug_elf\arkanoid_d.elf
        INSTALL dist\f7-D\debug_elf\lightmeter_d.elf
        INSTALL dist\f7-D\debug_elf\dtmf_dolphin_d.elf
        INSTALL dist\f7-D\debug_elf\hid_ble_d.elf
        INSTALL dist\f7-D\apps\Debug\usb_test.fap
        INSTALL dist\f7-D\debug_elf\nrf24_sniffer_d.elf
        INSTALL dist\f7-D\apps\NFC\mfkey32.fap
        INSTALL dist\f7-D\debug_elf\signal_generator_d.elf
        INSTALL dist\f7-D\apps\Examples\example_apps_assets.fap
        INSTALL dist\f7-D\apps\Tools\dtmf_dolphin.fap
        INSTALL dist\f7-D\debug_elf\game15_d.elf
        INSTALL dist\f7-D\debug_elf\spi_mem_manager_d.elf
        INSTALL dist\f7-D\apps\Games\tictactoe.fap
        INSTALL dist\f7-D\debug_elf\barcode_generator_d.elf
        INSTALL dist\f7-D\apps\Debug\locale_test.fap
        INSTALL dist\f7-D\debug_elf\keypad_test_d.elf
        INSTALL dist\f7-D\debug_elf\example_advanced_plugins_d.elf
        INSTALL dist\f7-D\debug_elf\ir_scope_d.elf
        INSTALL dist\f7-D\apps\Examples\example_plugins.fap
        INSTALL dist\f7-D\debug_elf\minesweeper_d.elf
        INSTALL dist\f7-D\debug_elf\hid_usb_d.elf
        INSTALL dist\f7-D\apps\Media\morse_code.fap
        INSTALL dist\f7-D\apps\Debug\lfrfid_debug.fap
        INSTALL dist\f7-D\debug_elf\example_plugins_multi_d.elf
        INSTALL dist\f7-D\apps\Misc\hid_ble.fap
        INSTALL dist\f7-D\debug_elf\display_test_d.elf
        INSTALL dist\f7-D\apps\GPIO\gps_nmea.fap
        INSTALL dist\f7-D\debug_elf\multi_converter_d.elf
        INSTALL dist\f7-D\debug_elf\snake_d.elf
        INSTALL dist\f7-D\debug_elf\unitemp_d.elf
        INSTALL dist\f7-D\debug_elf\example_plugin1_d.elf
        INSTALL dist\f7-D\apps\Misc\hex_viewer.fap
        INSTALL dist\f7-D\debug_elf\nrf24_mouse_jacker_d.elf
        INSTALL dist\f7-D\debug_elf\example_custom_font_d.elf
        INSTALL dist\f7-D\debug_elf\example_plugin2_d.elf
        INSTALL dist\f7-D\apps\GPIO\avr_isp.fap
PS D:\unleashed-firmware>